abra: stressed
acta: stressed
afta: stressed
agua: stressed
ala: stressed
alba: stressed
alca: stressed
alga: stressed
alma: stressed
alta: stressed
alza: stressed
ama: stressed
anca: stressed
ancla: stressed
ansia: stressed
anta: stressed
app: stressed
ara: stressed
arca: stressed
aria: stressed
arma: stressed
arpa: stressed
asa: stressed
ascua: stressed
asma: stressed
asna: stressed
aspa: stressed
asta: stressed
aula: stressed
aura: stressed
ave: stressed
aya: stressed
haba: stressed
habla: stressed
haca: stressed
hacha: stressed
hada: stressed
hambre: stressed
hampa: stressed
haya: stressed
ágora: stressed
águila: stressed
álgebra: stressed
áncora: stressed
ánfora: stressed
ánima: stressed
área: stressed
