अग्न: singular plural direct oblique masculine feminine noun inflection=26
अग्ना: singular oblique masculine noun inflection=26
अग्नां: plural oblique masculine noun inflection=26
अग्नी: plural direct feminine noun inflection=26
अग्न्यां: plural oblique feminine noun inflection=26
आणि: conjunction
उंची: singular direct oblique feminine noun inflection=d
उंच्या: plural direct feminine noun inflection=d
उंच्यां: plural oblique feminine noun inflection=d
उत्तर: adjective inflection=1
उत्पादन: singular direct neuter noun inflection=5
उत्पादना: singular oblique neuter noun inflection=5
उत्पादनां: plural oblique neuter noun inflection=5
उत्पादने: plural direct neuter noun inflection=5
उद्गार: singular plural direct masculine noun inflection=3
उद्गारा: singular oblique masculine noun inflection=3
उद्गारां: plural oblique masculine noun inflection=3
उद्घाटन: singular direct neuter noun inflection=5
उद्घाटना: singular oblique neuter noun inflection=5
उद्घाटनां: plural oblique neuter noun inflection=5
उद्घाटने: plural direct neuter noun inflection=5
उपाहार: singular direct masculine noun inflection=2
उसळवट: adjective inflection=1
ऊन: ablative adposition inflection=8
कागद: singular plural direct masculine noun inflection=3
कागदा: singular oblique masculine noun inflection=3
कागदां: plural oblique masculine noun inflection=3
किल्ला: singular direct masculine noun inflection=2
कीर्तन: singular direct neuter noun inflection=5
कीर्तना: singular oblique neuter noun inflection=5
कीर्तनां: plural oblique neuter noun inflection=5
कीर्तने: plural direct neuter noun inflection=5
कुत्रा: singular direct masculine noun inflection=24
कुत्रे: plural direct masculine noun inflection=24
कुत्र्या: singular oblique vocative masculine noun inflection=24
कुत्र्यां: plural oblique masculine noun inflection=24
कुत्र्यांनो: plural vocative masculine noun inflection=24
खिडकी: singular direct feminine noun inflection=11
खिडक्या: plural direct feminine noun inflection=11
गड: singular direct masculine noun inflection=2
गरम: adjective inflection=1
गाडी: singular direct feminine noun inflection=11
गाड्या: plural direct feminine noun inflection=11
गार्द: singular plural direct masculine noun inflection=3
गार्दा: singular oblique masculine noun inflection=3
गार्दां: plural oblique masculine noun inflection=3
ग्रंथ: singular direct masculine noun inflection=2
घर: singular direct neuter noun inflection=b
घरे: plural direct neuter noun inflection=b
चा: singular direct masculine adposition inflection=1a
चांगला: singular direct masculine adjective inflection=e
चांगली: singular plural direct masculine feminine neuter adjective inflection=e
चांगलें: singular direct neuter adjective inflection=e
चांगल्या: singular plural direct oblique masculine feminine neuter adjective inflection=e
ची: singular plural direct feminine neuter adposition inflection=1a
चे: plural direct masculine adposition inflection=1a
चें: singular direct neuter adposition inflection=1a
च्या: singular plural direct oblique masculine feminine neuter adposition inflection=1a
डोंगरी: adjective inflection=1
त: locative adposition inflection=10
तास: singular plural direct masculine noun inflection=7
दक्षिण: adjective inflection=1
दाढी: singular direct oblique feminine noun inflection=d
दाढ्या: plural direct feminine noun inflection=d
दाढ्यां: plural oblique feminine noun inflection=d
दिवस: singular plural direct masculine noun inflection=7
धरणे: direct transitive gerund verb inflection=22
धरण्या: oblique transitive gerund verb inflection=22
नवा: singular direct masculine adjective inflection=20
नवी: singular plural direct masculine feminine neuter adjective inflection=20
नवेंं: singular direct neuter adjective inflection=20
नव्या: singular plural direct oblique masculine feminine neuter adjective inflection=20
ना: plural dative adposition inflection=16
नाम: singular direct neuter noun inflection=5
नामा: singular oblique neuter noun inflection=5
नामां: plural oblique neuter noun inflection=5
नामे: plural direct neuter noun inflection=5
निष्कर्ष: singular plural direct masculine noun inflection=3
निष्कर्षा: singular oblique masculine noun inflection=3
निष्कर्षां: plural oblique masculine noun inflection=3
नी: plural ergative adposition inflection=18
ने: singular ergative adposition inflection=18
न्याय: singular plural direct masculine noun inflection=3
न्याया: singular oblique masculine noun inflection=3
न्यायां: plural oblique masculine noun inflection=3
पक्षी: singular direct masculine noun inflection=2
परंतु: conjunction
पश्चिम: adjective inflection=1
पाणी: singular plural direct neuter noun inflection=2d
पाण्या: singular oblique neuter noun inflection=2d
पाण्यां: plural oblique neuter noun inflection=2d
पार: adverb
पुस्तक: singular direct neuter noun inflection=1c
पुस्तका: singular oblique neuter noun inflection=1c
पुस्तकां: plural direct neuter noun inflection=1c
पुस्तके: plural direct neuter noun inflection=1c
बादशहा: singular direct masculine noun inflection=2b
बादशहे: plural direct masculine noun inflection=2b
बादशह्या: singular oblique masculine noun inflection=2b
बादशह्यां: plural oblique masculine noun inflection=2b
ब्रह्मांड: singular direct neuter noun inflection=5
ब्रह्मांडा: singular oblique neuter noun inflection=5
ब्रह्मांडां: plural oblique neuter noun inflection=5
ब्रह्मांडे: plural direct neuter noun inflection=5
भ्रम: singular plural direct masculine noun inflection=3
भ्रमा: singular oblique masculine noun inflection=3
भ्रमां: plural oblique masculine noun inflection=3
मंगूस: singular direct masculine noun inflection=2
मिनिट: singular direct neuter noun inflection=b
मिनिटे: plural direct neuter noun inflection=b
मुलगा: singular direct masculine noun inflection=28
मुलगी: singular direct feminine noun inflection=1e
मुली: singular plural direct oblique vocative feminine noun inflection=1e
मुलीं: plural oblique feminine noun inflection=1e
मुलींनो: plural vocative feminine noun inflection=1e
मुले: plural direct masculine noun inflection=28
मोठा: singular direct masculine adjective inflection=e
मोठी: singular plural direct masculine feminine neuter adjective inflection=e
मोठें: singular direct neuter adjective inflection=e
मोठ्या: singular plural direct oblique masculine feminine neuter adjective inflection=e
ला: singular dative adposition inflection=16
वसंत: singular plural direct masculine noun inflection=3
वसंता: singular oblique masculine noun inflection=3
वसंतां: plural oblique masculine noun inflection=3
वाङ्मय: singular direct neuter noun inflection=5
वाङ्मया: singular oblique neuter noun inflection=5
वाङ्मयां: plural oblique neuter noun inflection=5
वाङ्मये: plural direct neuter noun inflection=5
विष्णु: singular direct oblique masculine proper-noun
वेळ: singular direct feminine noun inflection=14
वेळा: plural direct feminine noun inflection=14
व्यंजन: singular direct neuter noun inflection=13
व्यंजना: singular direct feminine noun inflection=a
शी: instrumental adposition inflection=9
श्रीखंड: singular direct neuter noun inflection=5
श्रीखंडा: singular oblique neuter noun inflection=5
श्रीखंडां: plural oblique neuter noun inflection=5
श्रीखंडे: plural direct neuter noun inflection=5
संभ्रांत: adjective inflection=1
साद्यंत: adjective adverb inflection=1
सुलतान: singular plural direct masculine noun inflection=3
सुलताना: singular oblique masculine noun inflection=3
सुलतानां: plural oblique masculine noun inflection=3
हठ: singular plural direct masculine noun inflection=3
हठा: singular oblique masculine noun inflection=3
हठां: plural oblique masculine noun inflection=3
हून: ablative adposition inflection=8
𑘀𑘐𑘿𑘡: singular plural direct oblique masculine feminine noun inflection=27
𑘀𑘐𑘿𑘡𑘰: singular oblique masculine noun inflection=27
𑘀𑘐𑘿𑘡𑘰𑘽: plural oblique masculine noun inflection=27
𑘀𑘐𑘿𑘡𑘲: plural direct feminine noun inflection=27
𑘀𑘐𑘿𑘡𑘿𑘧𑘰𑘽: plural oblique feminine noun inflection=27
𑘁𑘜𑘲: conjunction
𑘄𑘝𑘿𑘝𑘨: adjective inflection=1
𑘄𑘝𑘿𑘢𑘰𑘟𑘡: singular direct neuter noun inflection=6
𑘄𑘝𑘿𑘢𑘰𑘟𑘡𑘰: singular oblique neuter noun inflection=6
𑘄𑘝𑘿𑘢𑘰𑘟𑘡𑘰𑘽: plural oblique neuter noun inflection=6
𑘄𑘝𑘿𑘢𑘰𑘟𑘡𑘹: plural direct neuter noun inflection=6
𑘄𑘟𑘿𑘐𑘰𑘨: singular plural direct masculine noun inflection=4
𑘄𑘟𑘿𑘐𑘰𑘨𑘰: singular oblique masculine noun inflection=4
𑘄𑘟𑘿𑘐𑘰𑘨𑘰𑘽: plural oblique masculine noun inflection=4
𑘄𑘟𑘿𑘑𑘰𑘘𑘡: singular direct neuter noun inflection=6
𑘄𑘟𑘿𑘑𑘰𑘘𑘡𑘰: singular oblique neuter noun inflection=6
𑘄𑘟𑘿𑘑𑘰𑘘𑘡𑘰𑘽: plural oblique neuter noun inflection=6
𑘄𑘟𑘿𑘑𑘰𑘘𑘡𑘹: plural direct neuter noun inflection=6
𑘄𑘡: ablative adposition inflection=8
𑘄𑘢𑘰𑘮𑘰𑘨: singular direct masculine noun inflection=2
𑘄𑘭𑘯𑘪𑘘: adjective inflection=1
𑘄𑘽𑘓𑘲: singular direct oblique feminine noun inflection=2a
𑘄𑘽𑘓𑘿𑘧𑘰: plural direct feminine noun inflection=2a
𑘄𑘽𑘓𑘿𑘧𑘰𑘽: plural oblique feminine noun inflection=2a
𑘎𑘰𑘐𑘟: singular plural direct masculine noun inflection=4
𑘎𑘰𑘐𑘟𑘰: singular oblique masculine noun inflection=4
𑘎𑘰𑘐𑘟𑘰𑘽: plural oblique masculine noun inflection=4
𑘎𑘲𑘨𑘿𑘝𑘡: singular direct neuter noun inflection=6
𑘎𑘲𑘨𑘿𑘝𑘡𑘰: singular oblique neuter noun inflection=6
𑘎𑘲𑘨𑘿𑘝𑘡𑘰𑘽: plural oblique neuter noun inflection=6
𑘎𑘲𑘨𑘿𑘝𑘡𑘹: plural direct neuter noun inflection=6
𑘎𑘲𑘩𑘿𑘩𑘰: singular direct masculine noun inflection=2
𑘎𑘳𑘝𑘿𑘨𑘰: singular direct masculine noun inflection=25
𑘎𑘳𑘝𑘿𑘨𑘹: plural direct masculine noun inflection=25
𑘎𑘳𑘝𑘿𑘨𑘿𑘧𑘰: singular oblique vocative masculine noun inflection=25
𑘎𑘳𑘝𑘿𑘨𑘿𑘧𑘰𑘽: plural oblique masculine noun inflection=25
𑘎𑘳𑘝𑘿𑘨𑘿𑘧𑘰𑘽𑘡𑘻: plural vocative masculine noun inflection=25
𑘏𑘲𑘚𑘎𑘲: singular direct feminine noun inflection=12
𑘏𑘲𑘚𑘎𑘿𑘧𑘰: plural direct feminine noun inflection=12
𑘐𑘚: singular direct masculine noun inflection=2
𑘐𑘨𑘦: adjective inflection=1
𑘐𑘰𑘚𑘲: singular direct feminine noun inflection=12
𑘐𑘰𑘚𑘿𑘧𑘰: plural direct feminine noun inflection=12
𑘐𑘰𑘨𑘿𑘟: singular plural direct masculine noun inflection=4
𑘐𑘰𑘨𑘿𑘟𑘰: singular oblique masculine noun inflection=4
𑘐𑘰𑘨𑘿𑘟𑘰𑘽: plural oblique masculine noun inflection=4
𑘐𑘿𑘨𑘽𑘞: singular direct masculine noun inflection=2
𑘑𑘨: singular direct neuter noun inflection=c
𑘑𑘨𑘹: plural direct neuter noun inflection=c
𑘓𑘰: singular direct masculine adposition inflection=1b
𑘓𑘰𑘽𑘐𑘩𑘰: singular direct masculine adjective inflection=f
𑘓𑘰𑘽𑘐𑘩𑘲: singular plural direct masculine feminine neuter adjective inflection=f
𑘓𑘰𑘽𑘐𑘩𑘹𑘽: singular direct neuter adjective inflection=f
𑘓𑘰𑘽𑘐𑘩𑘿𑘧𑘰: singular plural direct oblique masculine feminine neuter adjective inflection=f
𑘓𑘲: singular plural direct feminine neuter adposition inflection=1b
𑘓𑘹: plural direct masculine adposition inflection=1b
𑘓𑘹𑘽: singular direct neuter adposition inflection=1b
𑘓𑘿𑘧𑘰: singular plural direct oblique masculine feminine neuter adposition inflection=1b
𑘚𑘻𑘽𑘐𑘨𑘲: adjective inflection=1
𑘝: locative adposition inflection=10
𑘝𑘰𑘭: singular plural direct masculine noun inflection=7
𑘟𑘎𑘿𑘬𑘲𑘜: adjective inflection=1
𑘟𑘲𑘪𑘭: singular plural direct masculine noun inflection=7
𑘠𑘨𑘜𑘹: direct transitive gerund verb inflection=23
𑘠𑘨𑘜𑘿𑘧𑘰: oblique transitive gerund verb inflection=23
𑘡𑘪𑘰: singular direct masculine adjective inflection=21
𑘡𑘪𑘲: singular plural direct masculine feminine neuter adjective inflection=21
𑘡𑘪𑘹𑘽𑘽: singular direct neuter adjective inflection=21
𑘡𑘪𑘿𑘧𑘰: singular plural direct oblique masculine feminine neuter adjective inflection=21
𑘡𑘰: plural dative adposition inflection=17
𑘡𑘰𑘦: singular direct neuter noun inflection=6
𑘡𑘰𑘦𑘰: singular oblique neuter noun inflection=6
𑘡𑘰𑘦𑘰𑘽: plural oblique neuter noun inflection=6
𑘡𑘰𑘦𑘹: plural direct neuter noun inflection=6
𑘡𑘱𑘬𑘿𑘎𑘨𑘿𑘬: singular plural direct masculine noun inflection=4
𑘡𑘱𑘬𑘿𑘎𑘨𑘿𑘬𑘰: singular oblique masculine noun inflection=4
𑘡𑘱𑘬𑘿𑘎𑘨𑘿𑘬𑘰𑘽: plural oblique masculine noun inflection=4
𑘡𑘲: plural ergative adposition inflection=19
𑘡𑘹: singular ergative adposition inflection=19
𑘡𑘿𑘧𑘰𑘧: singular plural direct masculine noun inflection=4
𑘡𑘿𑘧𑘰𑘧𑘰: singular oblique masculine noun inflection=4
𑘡𑘿𑘧𑘰𑘧𑘰𑘽: plural oblique masculine noun inflection=4
𑘢𑘎𑘿𑘬𑘲: singular direct masculine noun inflection=2
𑘢𑘨𑘽𑘝𑘳: conjunction
𑘢𑘫𑘿𑘓𑘲𑘦: adjective inflection=1
𑘢𑘰𑘜𑘲: singular plural direct neuter noun inflection=2e
𑘢𑘰𑘜𑘿𑘧𑘰: singular oblique neuter noun inflection=2e
𑘢𑘰𑘜𑘿𑘧𑘰𑘽: plural oblique neuter noun inflection=2e
𑘢𑘰𑘨: adverb
𑘢𑘳𑘭𑘿𑘝𑘎: singular direct neuter noun inflection=1d
𑘢𑘳𑘭𑘿𑘝𑘎𑘰: singular oblique neuter noun inflection=1d
𑘢𑘳𑘭𑘿𑘝𑘎𑘰𑘽: plural direct neuter noun inflection=1d
𑘢𑘳𑘭𑘿𑘝𑘎𑘹: plural direct neuter noun inflection=1d
𑘤𑘰𑘟𑘫𑘮𑘰: singular direct masculine noun inflection=2c
𑘤𑘰𑘟𑘫𑘮𑘹: plural direct masculine noun inflection=2c
𑘤𑘰𑘟𑘫𑘮𑘿𑘧𑘰: singular oblique masculine noun inflection=2c
𑘤𑘰𑘟𑘫𑘮𑘿𑘧𑘰𑘽: plural oblique masculine noun inflection=2c
𑘤𑘿𑘨𑘮𑘿𑘦𑘰𑘽𑘚: singular direct neuter noun inflection=6
𑘤𑘿𑘨𑘮𑘿𑘦𑘰𑘽𑘚𑘰: singular oblique neuter noun inflection=6
𑘤𑘿𑘨𑘮𑘿𑘦𑘰𑘽𑘚𑘰𑘽: plural oblique neuter noun inflection=6
𑘤𑘿𑘨𑘮𑘿𑘦𑘰𑘽𑘚𑘹: plural direct neuter noun inflection=6
𑘥𑘿𑘨𑘦: singular plural direct masculine noun inflection=4
𑘥𑘿𑘨𑘦𑘰: singular oblique masculine noun inflection=4
𑘥𑘿𑘨𑘦𑘰𑘽: plural oblique masculine noun inflection=4
𑘦𑘲𑘡𑘲𑘘: singular direct neuter noun inflection=c
𑘦𑘲𑘡𑘲𑘘𑘹: plural direct neuter noun inflection=c
𑘦𑘳𑘩𑘐𑘰: singular direct masculine noun inflection=29
𑘦𑘳𑘩𑘐𑘲: singular direct feminine noun inflection=1f
𑘦𑘳𑘩𑘲: singular plural direct oblique vocative feminine noun inflection=1f
𑘦𑘳𑘩𑘲𑘽: plural oblique feminine noun inflection=1f
𑘦𑘳𑘩𑘲𑘽𑘡𑘻: plural vocative feminine noun inflection=1f
𑘦𑘳𑘩𑘹: plural direct masculine noun inflection=29
𑘦𑘻𑘙𑘰: singular direct masculine adjective inflection=f
𑘦𑘻𑘙𑘲: singular plural direct masculine feminine neuter adjective inflection=f
𑘦𑘻𑘙𑘹𑘽: singular direct neuter adjective inflection=f
𑘦𑘻𑘙𑘿𑘧𑘰: singular plural direct oblique masculine feminine neuter adjective inflection=f
𑘦𑘽𑘐𑘳𑘭: singular direct masculine noun inflection=2
𑘩𑘰: singular dative adposition inflection=17
𑘪𑘭𑘽𑘝: singular plural direct masculine noun inflection=4
𑘪𑘭𑘽𑘝𑘰: singular oblique masculine noun inflection=4
𑘪𑘭𑘽𑘝𑘰𑘽: plural oblique masculine noun inflection=4
𑘪𑘱𑘬𑘿𑘜𑘳: singular direct oblique masculine proper-noun
𑘪𑘹𑘯: singular direct feminine noun inflection=15
𑘪𑘹𑘯𑘰: plural direct feminine noun inflection=15
𑘪𑘿𑘧𑘽𑘕𑘡: singular direct neuter noun inflection=13
𑘪𑘿𑘧𑘽𑘕𑘡𑘰: singular direct feminine noun inflection=a
𑘫𑘲: instrumental adposition inflection=9
𑘫𑘿𑘨𑘲𑘏𑘽𑘚: singular direct neuter noun inflection=6
𑘫𑘿𑘨𑘲𑘏𑘽𑘚𑘰: singular oblique neuter noun inflection=6
𑘫𑘿𑘨𑘲𑘏𑘽𑘚𑘰𑘽: plural oblique neuter noun inflection=6
𑘫𑘿𑘨𑘲𑘏𑘽𑘚𑘹: plural direct neuter noun inflection=6
𑘭𑘰𑘟𑘿𑘧𑘽𑘝: adjective adverb inflection=1
𑘭𑘳𑘩𑘝𑘰𑘡: singular plural direct masculine noun inflection=4
𑘭𑘳𑘩𑘝𑘰𑘡𑘰: singular oblique masculine noun inflection=4
𑘭𑘳𑘩𑘝𑘰𑘡𑘰𑘽: plural oblique masculine noun inflection=4
𑘭𑘽𑘥𑘿𑘨𑘰𑘽𑘝: adjective inflection=1
𑘮𑘙: singular plural direct masculine noun inflection=4
𑘮𑘙𑘰: singular oblique masculine noun inflection=4
𑘮𑘙𑘰𑘽: plural oblique masculine noun inflection=4
𑘮𑘳𑘡: ablative adposition inflection=8
==============================================
                       Source: wikidata-20260708-lexemes.json 
                  Lemma terms:     144
         Unusable lemma terms:      18
       Incoming surface forms:     392
                Surface forms:     287
      Collapsed surface forms:     105 (26.8%)
       Unusable surface forms:       0
                 Usable terms:     287  (100%)
           Unclassified terms:       0    (0%)
==============================================
Case:
    direct:                  156 (54.4%)
    oblique:                 106 (36.9%)
    vocative:                  8  (2.8%)
    ergative:                  4  (1.4%)
    dative:                    4  (1.4%)
    ablative:                  4  (1.4%)
    locative:                  2  (0.7%)
    instrumental:              2  (0.7%)

Gender:
    masculine:               124 (43.2%)
    neuter:                  100 (34.8%)
    feminine:                 53 (18.5%)

Number:
    singular:                159 (55.4%)
    plural:                  138 (48.1%)

PartOfSpeech:
    noun:                    209 (72.8%)
    adjective:                40 (13.9%)
    adposition:               26  (9.1%)
    verb:                      4  (1.4%)
    conjunction:               4  (1.4%)
    adverb:                    4  (1.4%)
    proper-noun:               2  (0.7%)

Transitivity:
    transitive:                4  (1.4%)

VerbType:
    gerund:                    4  (1.4%)

License: Creative Commons CC0 License (https://creativecommons.org/publicdomain/zero/1.0/)
generated with options: --language mr --inflection-types noun,adjective,verb,adposition
