flicka: singular indefinite common noun inflection=d
flickan: singular definite common noun inflection=d
flickans: singular genitive definite common noun inflection=d
flickas: singular genitive indefinite common noun inflection=d
hjärta: singular indefinite neuter noun inflection=12
hjärtan: plural indefinite neuter noun inflection=12
hjärtana: plural definite neuter noun inflection=12
hjärtanas: plural genitive definite neuter noun inflection=12
hjärtans: plural genitive indefinite neuter adverb noun inflection=12
hjärtas: singular genitive indefinite neuter adjective noun inflection=12
hjärtat: singular definite neuter noun inflection=12
hjärtats: singular genitive definite neuter noun inflection=12
hund: singular indefinite common noun inflection=2
hundar: plural indefinite common noun inflection=2
hundarna: plural definite common noun inflection=2
hundarnas: plural genitive definite common noun inflection=2
hundars: plural genitive indefinite common noun inflection=2
hus: singular plural genitive indefinite neuter noun inflection=18
katt: singular indefinite common noun inflection=3
katten: singular definite common noun inflection=3
kattens: singular genitive definite common noun inflection=3
katter: plural indefinite common noun inflection=3
katterna: plural definite common noun inflection=3
katternas: plural genitive definite common noun inflection=3
katters: plural genitive indefinite common noun inflection=3
kort: singular plural indefinite neuter common adjective adverb noun inflection=b
kortet: singular definite neuter noun inflection=b
kvinna: singular indefinite common noun inflection=d
kvinnan: singular definite common noun inflection=d
kvinnans: singular genitive definite common noun inflection=d
kvinnas: singular genitive indefinite common noun inflection=d
lampa: singular indefinite common noun inflection=d
lampan: singular definite common noun inflection=d
lampans: singular genitive definite common noun inflection=d
lampas: singular genitive indefinite common noun inflection=d
lemma: singular indefinite neuter noun inflection=12
lemman: plural indefinite neuter noun inflection=12
lemmana: plural definite neuter noun inflection=12
lemmanas: plural genitive definite neuter noun inflection=12
lemmans: plural genitive indefinite neuter noun inflection=12
lemmas: singular genitive indefinite neuter noun inflection=12
lemmat: singular definite neuter noun inflection=12
lemmats: singular genitive definite neuter noun inflection=12
röd: singular indefinite common adjective inflection=56
röda: singular plural definite neuter common adjective inflection=56
rödares: genitive adjective inflection=56
rödas: singular plural genitive definite neuter common adjective inflection=56
rödast: indefinite common adjective inflection=56
rödaste: plural definite adjective inflection=56
rödastes: plural genitive definite adjective inflection=56
rödasts: genitive indefinite common adjective inflection=56
sko: singular indefinite common noun verb inflection=23
skon: singular definite common noun inflection=23
skons: singular genitive definite common noun inflection=23
skor: plural indefinite common noun verb inflection=23
skorna: plural definite common noun inflection=23
skornas: plural genitive definite common noun inflection=23
skydd: singular plural indefinite neuter common noun verb inflection=5a
skydden: plural definite neuter noun inflection=5a
skyddens: plural genitive definite neuter noun inflection=5a
slampig: singular indefinite common adjective inflection=6
slampiga: singular plural definite neuter common adjective inflection=6
slampigares: genitive adjective inflection=6
slampigas: singular plural genitive definite neuter common adjective inflection=6
slampigast: indefinite common adjective inflection=6
slampigaste: plural definite adjective inflection=6
slampigastes: plural genitive definite adjective inflection=6
slampigasts: genitive indefinite common adjective inflection=6
äpple: singular indefinite neuter noun inflection=12
äpplen: plural indefinite neuter noun inflection=12
äpplena: plural definite neuter noun inflection=12
äpplenas: plural genitive definite neuter noun inflection=12
äpplens: plural genitive indefinite neuter noun inflection=12
äpples: singular genitive indefinite neuter noun inflection=12
äpplet: singular definite neuter noun inflection=12
==============================================
Manually curated for tests to pass
Copyright 2024-2024 Apple Inc. All rights reserved.
