Barcelona: singular feminine proper-noun
Cataluña: singular feminine proper-noun
Espanya: singular feminine proper-noun
abril: singular masculine noun inflection=1
abrils: plural masculine noun inflection=1
acer: singular masculine noun inflection=1
acers: plural masculine noun inflection=1
adeu: interjection
adeu-siau: interjection
agost: singular masculine noun inflection=d
agostos: plural masculine noun inflection=d
agosts: plural masculine noun inflection=d
ah: interjection
ai: interjection
aigua: feminine noun inflection=1f
aiguafort: singular masculine noun inflection=1
aiguaforts: plural masculine noun inflection=1
aiguamarina: singular feminine noun inflection=2
aiguamarines: plural feminine noun inflection=2
aire: interjection
albercoc: singular masculine noun inflection=1
albercocs: plural masculine noun inflection=1
alcalde: singular masculine noun inflection=1b
alcaldes: plural masculine noun inflection=1b
alcaldessa: singular feminine noun inflection=1b
alcaldesses: plural feminine noun inflection=1b
alerta: interjection
algeps: plural masculine noun inflection=6
alto: interjection
alvocat: singular masculine noun inflection=1
alvocats: plural masculine noun inflection=1
al·leluia: interjection
alça: interjection
ambre: singular masculine noun inflection=1
ambres: plural masculine noun inflection=1
ametista: singular feminine noun inflection=2
ametistes: plural feminine noun inflection=2
amunt: interjection
amén: interjection
anell: singular masculine noun inflection=1
anells: plural masculine noun inflection=1
apa: interjection
arri: interjection
arruix: interjection
atenció: interjection
atxem: interjection
atxim: interjection
au: interjection
avall: interjection
avant: interjection
bah: interjection
bany: singular masculine noun inflection=1
banys: plural masculine noun inflection=1
barba: singular feminine noun inflection=2
barbes: plural feminine noun inflection=2
basalt: singular masculine noun inflection=1
basalts: plural masculine noun inflection=1
bingo: interjection
blau: singular masculine adjective
blaus: plural masculine adjective
blava: singular feminine adjective
blaves: plural feminine adjective
bo: interjection
bonic: singular masculine adjective
bonica: singular feminine adjective
bonics: plural masculine adjective
boniques: plural feminine adjective
botiga: singular feminine noun inflection=a
botigues: plural feminine noun inflection=a
bravo: interjection
bronze: singular masculine noun inflection=1
bronzes: plural masculine noun inflection=1
bub-bub: interjection
bufa: interjection
bum: interjection
burins: plural masculine noun inflection=19
burí: singular masculine noun inflection=19
bé: interjection
ca: singular masculine interjection noun inflection=b
cadira: singular feminine noun inflection=2
cadires: plural feminine noun inflection=2
cairell: singular masculine noun inflection=1
cairells: plural masculine noun inflection=1
calcedònia: singular feminine noun inflection=2
calcedònies: plural feminine noun inflection=2
canalla: singular feminine noun inflection=2
canalles: plural feminine noun inflection=2
cans: plural masculine noun inflection=b
cantimplora: singular feminine noun inflection=2
cantimplores: plural feminine noun inflection=2
caoba: singular feminine noun inflection=2
caobes: plural feminine noun inflection=2
cap: singular masculine noun inflection=1
caps: plural masculine noun inflection=1
carall: interjection
caram: interjection
carat: interjection
caratxos: interjection
carbons: plural masculine noun inflection=8
carbó: singular masculine noun inflection=8
cartagener: singular masculine adjective
cartagenera: singular feminine adjective
cartageneres: plural feminine adjective
cartageners: plural masculine adjective
catacrac: interjection
catric-catrac: interjection
cavall: interjection
cera: singular feminine noun inflection=2
ceres: plural feminine noun inflection=2
cerviola: singular feminine noun inflection=2
cervioles: plural feminine noun inflection=2
ceràmica: singular feminine noun inflection=7
ceràmiques: plural feminine noun inflection=7
cian: plural masculine noun inflection=6
cigala: singular feminine noun inflection=2
cigales: plural feminine noun inflection=2
cinematogràfic: adjective
cinematogràfica: adjective
cinematogràfiques: adjective
ciutat: singular feminine noun inflection=4
ciutats: plural feminine noun inflection=4
clac: interjection
cloc-cloc: interjection
closca: singular feminine noun inflection=7
closques: plural feminine noun inflection=7
coi: interjection
colló: interjection
com: interjection
comerç de drets d'emissió: singular masculine noun inflection=16
comerços de drets d'emissió: plural masculine noun inflection=16
compte: interjection
conforme: interjection
cony: interjection
cordons: interjection
cornalina: singular feminine noun inflection=14
cornaline: plural feminine noun inflection=14
cosmos: plural masculine noun inflection=6
coure: singular masculine noun inflection=1
coures: plural masculine noun inflection=1
crac: interjection
crec: interjection
cric-crac: interjection
cristall: singular masculine noun inflection=1
cristalls: plural masculine noun inflection=1
d': adposition
de: adposition
desembre: singular masculine noun inflection=1
desembres: plural masculine noun inflection=1
diamant: singular masculine noun inflection=1
diamants: plural masculine noun inflection=1
dibuix: singular masculine noun inflection=5
dibuixos: plural masculine noun inflection=5
difunt: singular masculine noun inflection=1
difunts: plural masculine noun inflection=1
digital: singular masculine feminine adjective
digitals: plural masculine feminine adjective
dijous: singular plural masculine noun inflection=3
dilluns: singular plural masculine noun inflection=3
dimarts: singular plural masculine noun inflection=3
dimecres: singular plural masculine noun inflection=3
dissabte: singular masculine noun inflection=1
dissabtes: plural masculine noun inflection=1
diumenge: singular masculine noun inflection=1
diumenges: plural masculine noun inflection=1
divendres: singular plural masculine noun inflection=3
diòxid de carboni: singular masculine noun inflection=f
diòxids de carboni: plural masculine noun inflection=f
dona: interjection
dring: interjection
déu-n'hi-do: interjection
ec: interjection
ecotaxa: singular feminine noun inflection=2
ecotaxes: plural feminine noun inflection=2
ecs: interjection
efecte d'hivernacle: singular masculine noun inflection=c
efectes d'hivernacle: plural masculine noun inflection=c
eh: interjection
ehem: interjection
ei: interjection
eia: interjection
el: singular definite masculine article
ela: interjection
electres: plural masculine noun inflection=13
elis: interjection
ell: singular masculine interjection pronoun
ella: singular feminine pronoun
elli: singular neuter pronoun
els: plural definite masculine article
enhorabona: interjection
entesos: interjection
enyorar: present infinitive verb
ep: interjection
escacs: interjection
escaiola: singular feminine noun inflection=2
escaioles: plural feminine noun inflection=2
escalfament global: singular masculine noun inflection=e
escalfaments globals: plural masculine noun inflection=e
esmalt: singular masculine noun inflection=1
esmalts: plural masculine noun inflection=1
esqueix: singular masculine noun inflection=5
esqueixos: plural masculine noun inflection=5
esquif: masculine noun inflection=11
esquifs: plural masculine noun inflection=11
estany: singular masculine noun inflection=1
estanys: plural masculine noun inflection=1
eu: interjection
eureka: interjection
fava: singular feminine noun inflection=2
faves: plural feminine noun inflection=2
febrer: singular masculine noun inflection=1
febrers: plural masculine noun inflection=1
ferm: interjection
fet: interjection
film: singular masculine noun inflection=1
films: plural masculine noun inflection=1
flassada: singular feminine noun inflection=2
flassades: plural feminine noun inflection=2
flist-flast: interjection
foc: interjection
fort: interjection
fosca: interjection
fot: interjection
fotre: interjection
gasos hivernacle: plural masculine noun inflection=15
gat: singular masculine noun inflection=1
gats: plural masculine noun inflection=1
gener: singular masculine noun inflection=1
geners: plural masculine noun inflection=1
gloc-gloc: interjection
graella: singular feminine noun inflection=2
graelles: plural feminine noun inflection=2
grapa: singular feminine noun inflection=2
grapes: plural feminine noun inflection=2
guix: singular masculine noun inflection=5
guixos: plural masculine noun inflection=5
ha: interjection
hala: interjection
hem: interjection
hola: interjection
home: interjection
hosanna: interjection
hum: interjection
hurra: interjection
hòstia: interjection
i: conjunction
ja: interjection
jas: interjection
jau: interjection
jesús: interjection
jo: singular pronoun
juliol: singular masculine noun inflection=1
juliols: plural masculine noun inflection=1
juny: singular masculine noun inflection=1
junys: plural masculine noun inflection=1
l': singular definite short-form masculine feminine article
la: singular definite feminine article
les: plural definite feminine article
liquen: singular masculine noun inflection=17
llautons: plural masculine noun inflection=8
llautó: singular masculine noun inflection=8
llebre: singular feminine noun inflection=4
llebres: plural feminine noun inflection=4
llet: singular feminine noun inflection=4
llets: plural feminine noun inflection=4
lucioperca: singular feminine noun inflection=7
lucioperques: plural feminine noun inflection=7
líquens: plural masculine noun inflection=17
maca: singular feminine adjective
maco: singular masculine adjective
macos: plural masculine adjective
maig: singular masculine noun inflection=1
maigs: plural masculine noun inflection=1
malviatge: interjection
manoi: interjection
maques: plural feminine adjective
març: singular masculine noun inflection=5
marços: plural masculine noun inflection=5
mau: interjection
mentida: interjection
merceria: singular feminine noun inflection=2
merceries: plural feminine noun inflection=2
merda: interjection
millor: interjection
misogínia judicial: singular feminine noun inflection=18
modernisme: singular masculine noun inflection=1
modernismes: plural masculine noun inflection=1
moixoni: interjection
mosca: interjection
mosqueta: singular feminine noun inflection=2
mosquetes: plural feminine noun inflection=2
muixeranga: singular feminine noun inflection=a
muixerangues: plural feminine noun inflection=a
mutis: interjection
nas: singular masculine noun inflection=1a
nassos: plural masculine noun inflection=1a
natural: interjection
ning-nang: interjection
ning-ning: interjection
no: interjection
noi: interjection
nosaltres: plural pronoun
novembre: singular masculine noun inflection=1
novembres: plural masculine noun inflection=1
nyac: interjection
nyam-nyam: interjection
nyec-nyec: interjection
nyeu-nyeu: interjection
nyic: interjection
nyic-nyic: interjection
nyiclis: interjection
nyigo-nyigo: interjection
o: interjection
octubre: singular masculine noun inflection=1
octubres: plural masculine noun inflection=1
oh: interjection
oi: interjection
oidà: interjection
oix: interjection
oixque: interjection
ollaó: interjection
organitzacions: plural feminine noun inflection=12
organització: singular feminine noun inflection=12
orxateria: singular feminine noun inflection=2
orxateries: plural feminine noun inflection=2
ostres: interjection
ou: interjection
paella: singular feminine noun inflection=2
paelles: plural feminine noun inflection=2
paf: interjection
pam: interjection
paramitjal: singular masculine noun inflection=1
paramitjals: plural masculine noun inflection=1
parisenc: plural masculine adjective
parisenca: singular feminine adjective
parisencs: singular masculine adjective
parisenques: plural feminine adjective
patapam: interjection
pataplaf: interjection
patapluf: interjection
pataplum: interjection
patapuf: interjection
patatum: interjection
patatxap: interjection
patatxup: interjection
pedra: singular feminine noun inflection=2
pedres: plural feminine noun inflection=2
pel·lícula: singular feminine noun inflection=2
pel·lícula cinematogràfica: singular feminine noun inflection=1d
pel·lícules: plural feminine noun inflection=2
pel·lícules cinematogràfiques: plural feminine noun inflection=1d
perdó: interjection
perill: singular masculine noun inflection=1
perills: plural masculine noun inflection=1
pern: singular masculine noun inflection=1
perns: plural masculine noun inflection=1
pessigolles: plural feminine noun inflection=1e
petit: singular masculine adjective
petita: singular feminine adjective
petites: plural feminine adjective
petits: plural masculine adjective
pi: singular feminine noun inflection=4
pif-paf: interjection
pim-pam: interjection
pinzell: singular masculine noun inflection=1
pinzells: plural masculine noun inflection=1
pis: plural feminine noun inflection=4
pit: singular masculine noun inflection=1
pits: plural masculine noun inflection=1
piu-piu: interjection
plaf: interjection
plof: interjection
pop: singular masculine noun inflection=1
pops: plural masculine noun inflection=1
porpra: singular feminine noun inflection=2
porpres: plural feminine noun inflection=2
preu: singular masculine noun inflection=1
preus: plural masculine noun inflection=1
promotor: singular masculine noun inflection=1c
promotora: plural feminine noun inflection=1c
promotores: plural feminine noun inflection=1c
promotors: plural masculine noun inflection=1c
pronúncia: singular feminine noun inflection=2
pronúncies: plural feminine noun inflection=2
prova: singular feminine noun inflection=2
proves: plural feminine noun inflection=2
pse: interjection
puf: interjection
pum: interjection
punyeta: interjection
quiquiriquic: interjection
rapa: singular feminine noun inflection=2
rapes: plural feminine noun inflection=2
redeu: interjection
rellotge: singular masculine noun inflection=1
rellotges: plural masculine noun inflection=1
renoi: interjection
res: interjection
ric-rac: interjection
ric-ric: interjection
rum-rum: interjection
ràpid: interjection
rústec: singular masculine adjective
rústecs: plural masculine adjective
rústega: singular feminine adjective
rústegues: plural feminine adjective
salada: singular feminine adjective
salades: plural feminine adjective
salat: singular masculine adjective
salats: plural masculine adjective
salut: interjection
salve: interjection
setembre: singular masculine noun inflection=1
setembres: plural masculine noun inflection=1
setge: singular masculine noun inflection=1
setges: plural masculine noun inflection=1
sí: adverb
taf-taf: interjection
tafoi: interjection
tampatantam: interjection
tancat: singular masculine noun inflection=1
tancats: plural masculine noun inflection=1
taral·larà: interjection
tararà: interjection
tararí: interjection
tat: interjection
tebi: singular masculine adjective
tic-tac: interjection
tira: interjection
tomaca: masculine noun inflection=9
tomàquet: masculine noun inflection=9
trempar: present infinitive verb
tric-trac: interjection
trip-trap: interjection
tris-tras: interjection
truges: plural feminine noun inflection=10
truja: singular feminine noun inflection=10
tu: singular pronoun
tururut: interjection
tèbia: singular feminine adjective
uf: interjection
ui: interjection
uix: interjection
ull: singular masculine noun inflection=1
ulls: plural masculine noun inflection=1
up: interjection
upa: interjection
uè: interjection
vaja: interjection
vatua: interjection
vinagre: singular masculine noun inflection=1
vinagres: plural masculine noun inflection=1
vinga: interjection
visca: interjection
xac: interjection
xamelo: singular masculine noun inflection=1
xamelos: plural masculine noun inflection=1
xap: interjection
xe: interjection
xec: interjection
xibòlet: singular masculine noun inflection=1
xibòlets: plural masculine noun inflection=1
xip-xap: interjection
xiu-xiu: singular masculine noun inflection=1
xiu-xius: plural masculine noun inflection=1
xiuxiueig: singular indicative first present verb
xiuxiueigs: plural masculine noun inflection=9
xiuxiuejar: present infinitive verb
xiuxiuejos: plural masculine noun inflection=9
xo: interjection
zas: interjection
zim-zam: interjection
zum-zum: interjection
àgata: singular feminine noun inflection=2
àgates: plural feminine noun inflection=2
àngela: interjection
ànsia: interjection
òndia: interjection
==============================================
                       Source: wikidata-20260708-lexemes.json 
                  Lemma terms:     365
         Unusable lemma terms:      33
       Incoming surface forms:     487
                Surface forms:     477
      Collapsed surface forms:      10  (2.1%)
       Unusable surface forms:       0
                 Usable terms:     477  (100%)
           Unclassified terms:       0    (0%)
==============================================
Definiteness:
    definite:                  5    (1%)

FormType:
    short-form:                1  (0.2%)

Gender:
    masculine:               168 (35.2%)
    feminine:                115 (24.1%)
    neuter:                    1  (0.2%)

Mood:
    indicative:                1  (0.2%)

Number:
    singular:                143   (30%)
    plural:                  143   (30%)

PartOfSpeech:
    noun:                    234 (49.1%)
    interjection:            184 (38.6%)
    adjective:                39  (8.2%)
    pronoun:                   6  (1.3%)
    article:                   5    (1%)
    verb:                      4  (0.8%)
    proper-noun:               3  (0.6%)
    adposition:                2  (0.4%)
    conjunction:               1  (0.2%)
    adverb:                    1  (0.2%)

Person:
    first:                     1  (0.2%)

Tense:
    present:                   4  (0.8%)

VerbType:
    infinitive:                3  (0.6%)

License: Creative Commons CC0 License (https://creativecommons.org/publicdomain/zero/1.0/)
generated with options: --language ca
