ଅଇ: noun inflection=5
ଅଇ ଉଠାଇବା: noun inflection=5
ଅକାର୍ଯ୍ୟକାରୀ: positive adjective
ଅକାର୍ଯ୍ୟକାରୀତମ: superlative adjective
ଅକାର୍ଯ୍ୟକାରୀତର: comparative adjective
ଅକୁଣ୍ଠ: positive adjective
ଅକୁଣ୍ଠତମ: superlative adjective
ଅକୁଣ୍ଠତର: comparative adjective
ଅକ୍ଟୋପସକୁ: accusative dative noun inflection=1
ଅକ୍ଟୋପସଟି: nominative noun inflection=1
ଅକ୍ଟୋପସଠାରୁ: ablative noun inflection=1
ଅକ୍ଟୋପସଠାରେ: locative noun inflection=1
ଅକ୍ଟୋପସଦ୍ୱାରା: instrumental noun inflection=1
ଅକ୍ଟୋପସର: genitive noun inflection=1
ଅକ୍ଟୋପସରେ: vocative noun inflection=1
ଅଜଗର: nominative noun inflection=6
ଅଜଗରକୁ: accusative dative noun inflection=6
ଅଜଗରଠାରୁ: ablative noun inflection=6
ଅଜଗରଠାରେ: locative noun inflection=6
ଅଜଗରଦ୍ୱାରା: instrumental noun inflection=6
ଅଜଗରର: genitive noun inflection=6
ଅଜଗରରେ: vocative noun inflection=6
ଅଜରା: masculine adjective
ଅଜରୀ: feminine adjective
ଅଣେଇକି: adverb
ଅଧମ: masculine adjective
ଅଧମା: feminine adjective
ଅନାବିଳ: positive adjective
ଅନାବିଳତମ: superlative adjective
ଅନାବିଳତର: comparative adjective
ଅଭୀପ୍ସିତ: masculine adjective
ଅଭୀପ୍ସିତା: feminine adjective
ଅମିନ: nominative noun inflection=2
ଅମିନଙ୍କ: genitive noun inflection=2
ଅମିନଙ୍କଠାରୁ: ablative noun inflection=2
ଅମିନଙ୍କଠାରେ: locative noun inflection=2
ଅମିନଙ୍କଦ୍ୱାରା: instrumental noun inflection=2
ଅମିନଙ୍କୁ: accusative dative noun inflection=2
ଅଶ୍ୱକୁ: accusative dative noun inflection=3
ଅଶ୍ୱଟି: nominative noun inflection=3
ଅଶ୍ୱଠାରୁ: ablative noun inflection=3
ଅଶ୍ୱଠାରେ: locative noun inflection=3
ଅଶ୍ୱଦ୍ୱାରା: instrumental noun inflection=3
ଅଶ୍ୱର: genitive noun inflection=3
ଅଶ୍ୱରେ: vocative noun inflection=3
ଅହିରାଜ: nominative noun inflection=4
ଅହିରାଜକୁ: accusative dative noun inflection=4
ଅହିରାଜଠାରୁ: ablative noun inflection=4
ଅହିରାଜଠାରେ: locative noun inflection=4
ଅହିରାଜଦ୍ୱାରା: instrumental noun inflection=4
ଅହିରାଜର: genitive noun inflection=4
ଅହିରାଜରେ: vocative noun inflection=4
ଆଗୁଳକୁ: accusative dative noun inflection=3
ଆଗୁଳଟି: nominative noun inflection=3
ଆଗୁଳଠାରୁ: ablative noun inflection=3
ଆଗୁଳଠାରେ: locative noun inflection=3
ଆଗୁଳଦ୍ୱାରା: instrumental noun inflection=3
ଆଗୁଳର: genitive noun inflection=3
ଆଗୁଳରେ: vocative noun inflection=3
ଆତ୍ମୀୟ: positive masculine adjective
ଆତ୍ମୀୟତମ: superlative adjective
ଆତ୍ମୀୟତର: comparative adjective
ଆତ୍ମୀୟା: feminine adjective
ଆନନ୍ଦରେ: adverb
ଆପେକ୍ଷିକ: positive adjective
ଆପେକ୍ଷିକତମ: superlative adjective
ଆପେକ୍ଷିକତର: comparative adjective
ଆବିଳ: positive adjective
ଆବିଳତମ: superlative adjective
ଆବିଳତର: comparative adjective
ଆର୍ଦ୍ର: positive adjective
ଆର୍ଦ୍ରତମ: superlative adjective
ଆର୍ଦ୍ରତର: comparative adjective
ଆସ୍ତେ: adverb
ଉଚ୍ଚ: positive adjective
ଉଚ୍ଚତମ: superlative adjective
ଉଚ୍ଚତର: comparative adjective
ଉତ୍ତମ: masculine adjective
ଉତ୍ତମା: feminine adjective
ଉ‍ଷ୍ଣ: positive adjective
ଉ‍ଷ୍ଣତମ: superlative adjective
ଉ‍ଷ୍ଣତର: comparative adjective
ଏଣ୍ଡୁଅ: nominative noun inflection=4
ଏଣ୍ଡୁଅକୁ: accusative dative noun inflection=4
ଏଣ୍ଡୁଅଠାରୁ: ablative noun inflection=4
ଏଣ୍ଡୁଅଠାରେ: locative noun inflection=4
ଏଣ୍ଡୁଅଦ୍ୱାରା: instrumental noun inflection=4
ଏଣ୍ଡୁଅର: genitive noun inflection=4
ଏଣ୍ଡୁଅରେ: vocative noun inflection=4
ଓକିଲ: nominative noun inflection=2
ଓକିଲଙ୍କ: genitive noun inflection=2
ଓକିଲଙ୍କଠାରୁ: ablative noun inflection=2
ଓକିଲଙ୍କଠାରେ: locative noun inflection=2
ଓକିଲଙ୍କଦ୍ୱାରା: instrumental noun inflection=2
ଓକିଲଙ୍କୁ: accusative dative noun inflection=2
ଓଧ: nominative noun inflection=4
ଓଧକୁ: accusative dative noun inflection=1 inflection=4
ଓଧଟି: nominative noun inflection=1
ଓଧଠାରୁ: ablative noun inflection=1 inflection=4
ଓଧଠାରେ: locative noun inflection=1 inflection=4
ଓଧଦ୍ୱାରା: instrumental noun inflection=1 inflection=4
ଓଧର: genitive noun inflection=1 inflection=4
ଓଧରେ: vocative noun inflection=1 inflection=4
କଂସାଇ: nominative noun inflection=2
କଂସାଇଙ୍କ: genitive noun inflection=2
କଂସାଇଙ୍କଠାରୁ: ablative noun inflection=2
କଂସାଇଙ୍କଠାରେ: locative noun inflection=2
କଂସାଇଙ୍କଦ୍ୱାରା: instrumental noun inflection=2
କଂସାଇଙ୍କୁ: accusative dative noun inflection=2
କଂସେଇ: nominative noun inflection=2
କଂସେଇଙ୍କ: genitive noun inflection=2
କଂସେଇଙ୍କଠାରୁ: ablative noun inflection=2
କଂସେଇଙ୍କଠାରେ: locative noun inflection=2
କଂସେଇଙ୍କଦ୍ୱାରା: instrumental noun inflection=2
କଂସେଇଙ୍କୁ: accusative dative noun inflection=2
କଟାଶ: nominative noun inflection=4
କଟାଶକୁ: accusative dative noun inflection=4
କଟାଶଠାରୁ: ablative noun inflection=4
କଟାଶଠାରେ: locative noun inflection=4
କଟାଶଦ୍ୱାରା: instrumental noun inflection=4
କଟାଶର: genitive noun inflection=4
କଟାଶରେ: vocative noun inflection=4
କଠିଣ: positive adjective
କଠିଣତମ: superlative adjective
କଠିଣତର: comparative adjective
କଠିନ: positive adjective
କଠିନତମ: superlative adjective
କଠିନତର: comparative adjective
କଠୋର: positive adjective
କଠୋରତମ: superlative adjective
କଠୋରତର: comparative adjective
କଡ଼କନାଥକୁ: accusative dative noun inflection=1
କଡ଼କନାଥଟି: nominative noun inflection=1
କଡ଼କନାଥଠାରୁ: ablative noun inflection=1
କଡ଼କନାଥଠାରେ: locative noun inflection=1
କଡ଼କନାଥଦ୍ୱାରା: instrumental noun inflection=1
କଡ଼କନାଥର: genitive noun inflection=1
କଡ଼କନାଥରେ: vocative noun inflection=1
କଣ୍ଡରା: nominative noun inflection=2
କଣ୍ଡରାଙ୍କ: genitive noun inflection=2
କଣ୍ଡରାଙ୍କଠାରୁ: ablative noun inflection=2
କଣ୍ଡରାଙ୍କଠାରେ: locative noun inflection=2
କଣ୍ଡରାଙ୍କଦ୍ୱାରା: instrumental noun inflection=2
କଣ୍ଡରାଙ୍କୁ: accusative dative noun inflection=2
କଦର୍ଯ୍ୟ: positive adjective
କଦର୍ଯ୍ୟତମ: superlative adjective
କଦର୍ଯ୍ୟତର: comparative adjective
କନକକୁ: accusative dative noun inflection=1
କନକଟି: nominative noun inflection=1
କନକଠାରୁ: ablative noun inflection=1
କନକଠାରେ: locative noun inflection=1
କନକଦ୍ୱାରା: instrumental noun inflection=1
କନକର: genitive noun inflection=1
କନକରେ: vocative noun inflection=1
କନିଷ୍ଠ: positive adjective
କନିଷ୍ଠତମ: superlative adjective
କନିଷ୍ଠତର: comparative adjective
କବି: nominative noun inflection=2
କବିଙ୍କ: genitive noun inflection=2
କବିଙ୍କଠାରୁ: ablative noun inflection=2
କବିଙ୍କଠାରେ: locative noun inflection=2
କବିଙ୍କଦ୍ୱାରା: instrumental noun inflection=2
କବିଙ୍କୁ: accusative dative noun inflection=2
କଳା: masculine adjective
କଳାମୁଣ୍ଡିଆ ବାରମାସୀକୁ: accusative dative noun inflection=1
କଳାମୁଣ୍ଡିଆ ବାରମାସୀଟି: nominative noun inflection=1
କଳାମୁଣ୍ଡିଆ ବାରମାସୀଠାରୁ: ablative noun inflection=1
କଳାମୁଣ୍ଡିଆ ବାରମାସୀଠାରେ: locative noun inflection=1
କଳାମୁଣ୍ଡିଆ ବାରମାସୀଦ୍ୱାରା: instrumental noun inflection=1
କଳାମୁଣ୍ଡିଆ ବାରମାସୀର: genitive noun inflection=1
କଳାମୁଣ୍ଡିଆ ବାରମାସୀରେ: vocative noun inflection=1
କାଉଟିଆ ଛଞ୍ଚାଣକୁ: accusative dative noun inflection=1
କାଉଟିଆ ଛଞ୍ଚାଣଟି: nominative noun inflection=1
କାଉଟିଆ ଛଞ୍ଚାଣଠାରୁ: ablative noun inflection=1
କାଉଟିଆ ଛଞ୍ଚାଣଠାରେ: locative noun inflection=1
କାଉଟିଆ ଛଞ୍ଚାଣଦ୍ୱାରା: instrumental noun inflection=1
କାଉଟିଆ ଛଞ୍ଚାଣର: genitive noun inflection=1
କାଉଟିଆ ଛଞ୍ଚାଣରେ: vocative noun inflection=1
କାର୍ଯ୍ୟକାରୀ: positive adjective
କାର୍ଯ୍ୟକାରୀତମ: superlative adjective
କାର୍ଯ୍ୟକାରୀତର: comparative adjective
କାଳୀ: feminine adjective
କୁଆ: nominative noun inflection=4
କୁଆକୁ: accusative dative noun inflection=4
କୁଆଠାରୁ: ablative noun inflection=4
କୁଆଠାରେ: locative noun inflection=4
କୁଆଦ୍ୱାରା: instrumental noun inflection=4
କୁଆର: genitive noun inflection=4
କୁଆରେ: vocative noun inflection=4
କୁକୁଭକୁ: accusative dative noun inflection=1
କୁକୁଭଟି: nominative noun inflection=1
କୁକୁଭଠାରୁ: ablative noun inflection=1
କୁକୁଭଠାରେ: locative noun inflection=1
କୁକୁଭଦ୍ୱାରା: instrumental noun inflection=1
କୁକୁଭର: genitive noun inflection=1
କୁକୁଭରେ: vocative noun inflection=1
କୁକୁରକୁ: accusative dative noun inflection=3
କୁକୁରଟି: nominative noun inflection=3
କୁକୁରଠାରୁ: ablative noun inflection=3
କୁକୁରଠାରେ: locative noun inflection=3
କୁକୁରଦ୍ୱାରା: instrumental noun inflection=3
କୁକୁରର: genitive noun inflection=3
କୁକୁରରେ: vocative noun inflection=3
କୁଟୁରାକୁ: accusative dative noun inflection=1
କୁଟୁରାଟି: nominative noun inflection=1
କୁଟୁରାଠାରୁ: ablative noun inflection=1
କୁଟୁରାଠାରେ: locative noun inflection=1
କୁଟୁରାଦ୍ୱାରା: instrumental noun inflection=1
କୁଟୁରାର: genitive noun inflection=1
କୁଟୁରାରେ: vocative noun inflection=1
କୁଣ୍ଡାଖିଆକୁ: accusative dative noun inflection=1
କୁଣ୍ଡାଖିଆଟି: nominative noun inflection=1
କୁଣ୍ଡାଖିଆଠାରୁ: ablative noun inflection=1
କୁଣ୍ଡାଖିଆଠାରେ: locative noun inflection=1
କୁଣ୍ଡାଖିଆଦ୍ୱାରା: instrumental noun inflection=1
କୁଣ୍ଡାଖିଆର: genitive noun inflection=1
କୁଣ୍ଡାଖିଆରେ: vocative noun inflection=1
କୁମ୍ଭାଟୁଆକୁ: accusative dative noun inflection=1
କୁମ୍ଭାଟୁଆଟି: nominative noun inflection=1
କୁମ୍ଭାଟୁଆଠାରୁ: ablative noun inflection=1
କୁମ୍ଭାଟୁଆଠାରେ: locative noun inflection=1
କୁମ୍ଭାଟୁଆଦ୍ୱାରା: instrumental noun inflection=1
କୁମ୍ଭାଟୁଆର: genitive noun inflection=1
କୁମ୍ଭାଟୁଆରେ: vocative noun inflection=1
କୁମ୍ଭାର: nominative noun inflection=2
କୁମ୍ଭାରଙ୍କ: genitive noun inflection=2
କୁମ୍ଭାରଙ୍କଠାରୁ: ablative noun inflection=2
କୁମ୍ଭାରଙ୍କଠାରେ: locative noun inflection=2
କୁମ୍ଭାରଙ୍କଦ୍ୱାରା: instrumental noun inflection=2
କୁମ୍ଭାରଙ୍କୁ: accusative dative noun inflection=2
କୃତଜ୍ଞ: comparative adjective
କୃଷ୍ଣ: positive adjective
କୃଷ୍ଣତମ: superlative adjective
କୃଷ୍ଣତର: comparative adjective
କେନ୍ଦୁଆକୁ: accusative dative noun inflection=3
କେନ୍ଦୁଆଟି: nominative noun inflection=3
କେନ୍ଦୁଆଠାରୁ: ablative noun inflection=3
କେନ୍ଦୁଆଠାରେ: locative noun inflection=3
କେନ୍ଦୁଆଦ୍ୱାରା: instrumental noun inflection=3
କେନ୍ଦୁଆର: genitive noun inflection=3
କେନ୍ଦୁଆରେ: vocative noun inflection=3
କେପ ଗ୍ରିଫନକୁ: accusative dative noun inflection=1
କେପ ଗ୍ରିଫନଟି: nominative noun inflection=1
କେପ ଗ୍ରିଫନଠାରୁ: ablative noun inflection=1
କେପ ଗ୍ରିଫନଠାରେ: locative noun inflection=1
କେପ ଗ୍ରିଫନଦ୍ୱାରା: instrumental noun inflection=1
କେପ ଗ୍ରିଫନର: genitive noun inflection=1
କେପ ଗ୍ରିଫନରେ: vocative noun inflection=1
କୋଇଲିକୁ: accusative dative noun inflection=1
କୋଇଲିଟି: nominative noun inflection=1
କୋଇଲିଠାରୁ: ablative noun inflection=1
କୋଇଲିଠାରେ: locative noun inflection=1
କୋଇଲିଦ୍ୱାରା: instrumental noun inflection=1
କୋଇଲିର: genitive noun inflection=1
କୋଇଲିରେ: vocative noun inflection=1
କୋକକୁ: accusative dative noun inflection=3
କୋକଟି: nominative noun inflection=3
କୋକଠାରୁ: ablative noun inflection=3
କୋକଠାରେ: locative noun inflection=3
କୋକଦ୍ୱାରା: instrumental noun inflection=3
କୋକର: genitive noun inflection=3
କୋକରେ: vocative noun inflection=3
କୋଠପୁଅ: adjective
କୋମଳ: positive adjective
କୋମଳତମ: superlative adjective
କୋମଳତର: comparative adjective
କୋହଳ: positive adjective
କୋହଳତମ: superlative adjective
କୋହଳତର: comparative adjective
କ୍ରୁର: positive adjective
କ୍ରୁରତମ: superlative adjective
କ୍ରୁରତର: comparative adjective
କ୍ଷୀପ୍ର: positive adjective
କ୍ଷୀପ୍ରତମ: superlative adjective
କ୍ଷୀପ୍ରତର: comparative adjective
କ୍ଷୁଦ୍ର: positive adjective
କ୍ଷୁଦ୍ରତମ: superlative adjective
କ୍ଷୁଦ୍ରତର: comparative adjective
ଖଇରମୁଣ୍ଡୀ ବସନ୍ତକୁ: accusative dative noun inflection=1
ଖଇରମୁଣ୍ଡୀ ବସନ୍ତଟି: nominative noun inflection=1
ଖଇରମୁଣ୍ଡୀ ବସନ୍ତଠାରୁ: ablative noun inflection=1
ଖଇରମୁଣ୍ଡୀ ବସନ୍ତଠାରେ: locative noun inflection=1
ଖଇରମୁଣ୍ଡୀ ବସନ୍ତଦ୍ୱାରା: instrumental noun inflection=1
ଖଇରମୁଣ୍ଡୀ ବସନ୍ତର: genitive noun inflection=1
ଖଇରମୁଣ୍ଡୀ ବସନ୍ତରେ: vocative noun inflection=1
ଖଚଡ଼କୁ: accusative dative noun inflection=3
ଖଚଡ଼ଟି: nominative noun inflection=3
ଖଚଡ଼ଠାରୁ: ablative noun inflection=3
ଖଚଡ଼ଠାରେ: locative noun inflection=3
ଖଚଡ଼ଦ୍ୱାରା: instrumental noun inflection=3
ଖଚଡ଼ର: genitive noun inflection=3
ଖଚଡ଼ରେ: vocative noun inflection=3
ଖରକୁ: accusative dative noun inflection=3
ଖରଟି: nominative noun inflection=3
ଖରଠାରୁ: ablative noun inflection=3
ଖରଠାରେ: locative noun inflection=3
ଖରଦ୍ୱାରା: instrumental noun inflection=3
ଖରର: genitive noun inflection=3
ଖରରେ: vocative noun inflection=3
ଖାଦକ: nominative noun inflection=2
ଖାଦକଙ୍କ: genitive noun inflection=2
ଖାଦକଙ୍କଠାରୁ: ablative noun inflection=2
ଖାଦକଙ୍କଠାରେ: locative noun inflection=2
ଖାଦକଙ୍କଦ୍ୱାରା: instrumental noun inflection=2
ଖାଦକଙ୍କୁ: accusative dative noun inflection=2
ଖୁସିରେ: adverb
ଖେଳାଳି: nominative noun inflection=2
ଖେଳାଳିଙ୍କ: genitive noun inflection=2
ଖେଳାଳିଙ୍କଠାରୁ: ablative noun inflection=2
ଖେଳାଳିଙ୍କଠାରେ: locative noun inflection=2
ଖେଳାଳିଙ୍କଦ୍ୱାରା: instrumental noun inflection=2
ଖେଳାଳିଙ୍କୁ: accusative dative noun inflection=2
ଗଣ୍ଡା: nominative noun inflection=4
ଗଣ୍ଡାକୁ: accusative dative noun inflection=1 inflection=4
ଗଣ୍ଡାଟି: nominative noun inflection=1
ଗଣ୍ଡାଠାରୁ: ablative noun inflection=1 inflection=4
ଗଣ୍ଡାଠାରେ: locative noun inflection=1 inflection=4
ଗଣ୍ଡାଦ୍ୱାରା: instrumental noun inflection=1 inflection=4
ଗଣ୍ଡାର: genitive noun inflection=1 inflection=4
ଗଣ୍ଡାରେ: vocative noun inflection=1 inflection=4
ଗଧକୁ: accusative dative noun inflection=3
ଗଧଟି: nominative noun inflection=3
ଗଧଠାରୁ: ablative noun inflection=3
ଗଧଠାରେ: locative noun inflection=3
ଗଧଦ୍ୱାରା: instrumental noun inflection=3
ଗଧର: genitive noun inflection=3
ଗଧରେ: vocative noun inflection=3
ଗରୁଡ଼କୁ: accusative dative noun inflection=1
ଗରୁଡ଼ଟି: nominative noun inflection=1
ଗରୁଡ଼ଠାରୁ: ablative noun inflection=1
ଗରୁଡ଼ଠାରେ: locative noun inflection=1
ଗରୁଡ଼ଦ୍ୱାରା: instrumental noun inflection=1
ଗରୁଡ଼ର: genitive noun inflection=1
ଗରୁଡ଼ରେ: vocative noun inflection=1
ଗର୍ଦ୍ଦଭକୁ: accusative dative noun inflection=3
ଗର୍ଦ୍ଦଭଟି: nominative noun inflection=3
ଗର୍ଦ୍ଦଭଠାରୁ: ablative noun inflection=3
ଗର୍ଦ୍ଦଭଠାରେ: locative noun inflection=3
ଗର୍ଦ୍ଦଭଦ୍ୱାରା: instrumental noun inflection=3
ଗର୍ଦ୍ଦଭର: genitive noun inflection=3
ଗର୍ଦ୍ଦଭରେ: vocative noun inflection=3
ଗର୍ଦ୍ଧଭକୁ: accusative dative noun inflection=3
ଗର୍ଦ୍ଧଭଟି: nominative noun inflection=3
ଗର୍ଦ୍ଧଭଠାରୁ: ablative noun inflection=3
ଗର୍ଦ୍ଧଭଠାରେ: locative noun inflection=3
ଗର୍ଦ୍ଧଭଦ୍ୱାରା: instrumental noun inflection=3
ଗର୍ଦ୍ଧଭର: genitive noun inflection=3
ଗର୍ଦ୍ଧଭରେ: vocative noun inflection=3
ଗାଈକୁ: accusative dative noun inflection=1
ଗାଈଟି: nominative noun inflection=1
ଗାଈଠାରୁ: ablative noun inflection=1
ଗାଈଠାରେ: locative noun inflection=1
ଗାଈଦ୍ୱାରା: instrumental noun inflection=1
ଗାଈର: genitive noun inflection=1
ଗାଈରେ: vocative noun inflection=1
ଗୁଣବତୀ: feminine adjective
ଗୁଣବାନ: masculine adjective
ଗେଟମ: masculine adjective
ଗେଟମୀ: feminine adjective
ଗେଣ୍ଡା: nominative noun inflection=4
ଗେଣ୍ଡାକୁ: accusative dative noun inflection=4
ଗେଣ୍ଡାଠାରୁ: ablative noun inflection=4
ଗେଣ୍ଡାଠାରେ: locative noun inflection=4
ଗେଣ୍ଡାଦ୍ୱାରା: instrumental noun inflection=4
ଗେଣ୍ଡାର: genitive noun inflection=4
ଗେଣ୍ଡାରେ: vocative noun inflection=4
ଗେଣ୍ଡାଳିଆକୁ: accusative dative noun inflection=1
ଗେଣ୍ଡାଳିଆଟି: nominative noun inflection=1
ଗେଣ୍ଡାଳିଆଠାରୁ: ablative noun inflection=1
ଗେଣ୍ଡାଳିଆଠାରେ: locative noun inflection=1
ଗେଣ୍ଡାଳିଆଦ୍ୱାରା: instrumental noun inflection=1
ଗେଣ୍ଡାଳିଆର: genitive noun inflection=1
ଗେଣ୍ଡାଳିଆରେ: vocative noun inflection=1
ଗୋଦରା: masculine adjective
ଗୋଦରୀ: feminine adjective
ଗୋରା: masculine adjective
ଗୋରୀ: feminine adjective
ଘରଚଟିଆକୁ: accusative dative noun inflection=1
ଘରଚଟିଆଟି: nominative noun inflection=1
ଘରଚଟିଆଠାରୁ: ablative noun inflection=1
ଘରଚଟିଆଠାରେ: locative noun inflection=1
ଘରଚଟିଆଦ୍ୱାରା: instrumental noun inflection=1
ଘରଚଟିଆର: genitive noun inflection=1
ଘରଚଟିଆରେ: vocative noun inflection=1
ଘୋଟକକୁ: accusative dative noun inflection=3
ଘୋଟକଟି: nominative noun inflection=3
ଘୋଟକଠାରୁ: ablative noun inflection=3
ଘୋଟକଠାରେ: locative noun inflection=3
ଘୋଟକଦ୍ୱାରା: instrumental noun inflection=3
ଘୋଟକର: genitive noun inflection=3
ଘୋଟକରେ: vocative noun inflection=3
ଘୋଡ଼ାକୁ: accusative dative noun inflection=1 inflection=3
ଘୋଡ଼ାଟି: nominative noun inflection=1 inflection=3
ଘୋଡ଼ାଠାରୁ: ablative noun inflection=1 inflection=3
ଘୋଡ଼ାଠାରେ: locative noun inflection=1 inflection=3
ଘୋଡ଼ାଦ୍ୱାରା: instrumental noun inflection=1 inflection=3
ଘୋଡ଼ାର: genitive noun inflection=1 inflection=3
ଘୋଡ଼ାରେ: vocative noun inflection=1 inflection=3
ଚଞ୍ଚୂରୀକୁ: accusative dative noun inflection=1
ଚଞ୍ଚୂରୀଟି: nominative noun inflection=1
ଚଞ୍ଚୂରୀଠାରୁ: ablative noun inflection=1
ଚଞ୍ଚୂରୀଠାରେ: locative noun inflection=1
ଚଞ୍ଚୂରୀଦ୍ୱାରା: instrumental noun inflection=1
ଚଞ୍ଚୂରୀର: genitive noun inflection=1
ଚଞ୍ଚୂରୀରେ: vocative noun inflection=1
ଚଟିଆକୁ: accusative dative noun inflection=1
ଚଟିଆଟି: nominative noun inflection=1
ଚଟିଆଠାରୁ: ablative noun inflection=1
ଚଟିଆଠାରେ: locative noun inflection=1
ଚଟିଆଦ୍ୱାରା: instrumental noun inflection=1
ଚଟିଆର: genitive noun inflection=1
ଚଟିଆରେ: vocative noun inflection=1
ଚଣ୍ଡୁଳକୁ: accusative dative noun inflection=1
ଚଣ୍ଡୁଳଟି: nominative noun inflection=1
ଚଣ୍ଡୁଳଠାରୁ: ablative noun inflection=1
ଚଣ୍ଡୁଳଠାରେ: locative noun inflection=1
ଚଣ୍ଡୁଳଦ୍ୱାରା: instrumental noun inflection=1
ଚଣ୍ଡୁଳର: genitive noun inflection=1
ଚଣ୍ଡୁଳରେ: vocative noun inflection=1
ଚମାର: nominative noun inflection=2
ଚମାରଙ୍କ: genitive noun inflection=2
ଚମାରଙ୍କଠାରୁ: ablative noun inflection=2
ଚମାରଙ୍କଠାରେ: locative noun inflection=2
ଚମାରଙ୍କଦ୍ୱାରା: instrumental noun inflection=2
ଚମାରଙ୍କୁ: accusative dative noun inflection=2
ଚଷମା ଆଖିକୁ: accusative dative noun inflection=1
ଚଷମା ଆଖିଟି: nominative noun inflection=1
ଚଷମା ଆଖିଠାରୁ: ablative noun inflection=1
ଚଷମା ଆଖିଠାରେ: locative noun inflection=1
ଚଷମା ଆଖିଦ୍ୱାରା: instrumental noun inflection=1
ଚଷମା ଆଖିର: genitive noun inflection=1
ଚଷମା ଆଖିରେ: vocative noun inflection=1
ଚଷା: nominative noun inflection=2
ଚଷାଙ୍କ: genitive noun inflection=2
ଚଷାଙ୍କଠାରୁ: ablative noun inflection=2
ଚଷାଙ୍କଠାରେ: locative noun inflection=2
ଚଷାଙ୍କଦ୍ୱାରା: instrumental noun inflection=2
ଚଷାଙ୍କୁ: accusative dative noun inflection=2
ଚାଳକ: nominative noun inflection=2
ଚାଳକଙ୍କ: genitive noun inflection=2
ଚାଳକଙ୍କଠାରୁ: ablative noun inflection=2
ଚାଳକଙ୍କଠାରେ: locative noun inflection=2
ଚାଳକଙ୍କଦ୍ୱାରା: instrumental noun inflection=2
ଚାଳକଙ୍କୁ: accusative dative noun inflection=2
ଚାଳିକା: nominative noun inflection=2
ଚାଳିକାଙ୍କ: genitive noun inflection=2
ଚାଳିକାଙ୍କଠାରୁ: ablative noun inflection=2
ଚାଳିକାଙ୍କଠାରେ: locative noun inflection=2
ଚାଳିକାଙ୍କଦ୍ୱାରା: instrumental noun inflection=2
ଚାଳିକାଙ୍କୁ: accusative dative noun inflection=2
ଚାଷୀ: nominative noun inflection=2
ଚାଷୀଙ୍କ: genitive noun inflection=2
ଚାଷୀଙ୍କଠାରୁ: ablative noun inflection=2
ଚାଷୀଙ୍କଠାରେ: locative noun inflection=2
ଚାଷୀଙ୍କଦ୍ୱାରା: instrumental noun inflection=2
ଚାଷୀଙ୍କୁ: accusative dative noun inflection=2
ଚିକିତ୍ସା ବିଜ୍ଞାନ: noun inflection=5
ଚିଙ୍ଗୁଡ଼ିକୁ: accusative dative noun inflection=1
ଚିଙ୍ଗୁଡ଼ିଟି: nominative noun inflection=1
ଚିଙ୍ଗୁଡ଼ିଠାରୁ: ablative noun inflection=1
ଚିଙ୍ଗୁଡ଼ିଠାରେ: locative noun inflection=1
ଚିଙ୍ଗୁଡ଼ିଦ୍ୱାରା: instrumental noun inflection=1
ଚିଙ୍ଗୁଡ଼ିର: genitive noun inflection=1
ଚିଙ୍ଗୁଡ଼ିରେ: vocative noun inflection=1
ଚୁଇଁ ସୀମାକୁ: accusative dative noun inflection=1
ଚୁଇଁ ସୀମାଟି: nominative noun inflection=1
ଚୁଇଁ ସୀମାଠାରୁ: ablative noun inflection=1
ଚୁଇଁ ସୀମାଠାରେ: locative noun inflection=1
ଚୁଇଁ ସୀମାଦ୍ୱାରା: instrumental noun inflection=1
ଚୁଇଁ ସୀମାର: genitive noun inflection=1
ଚୁଇଁ ସୀମାରେ: vocative noun inflection=1
ଛଇଳା: masculine adjective
ଛଇଳୀ: feminine adjective
ଛୋଟା: masculine adjective
ଛୋଟୀ: feminine adjective
ଛୋଟେଇ: adverb
ଛୋଟେଇକି: adverb
ଜଲଦି: adverb
ଜଳ: nominative noun inflection=9
ଜଳକୁ: accusative dative noun inflection=9
ଜଳଦ୍ୱାରା: instrumental noun inflection=9
ଜଳର: genitive noun inflection=9
ଜଳରୁ: ablative noun inflection=9
ଜଳରେ: locative vocative noun inflection=9
ଜିଆ: nominative noun inflection=4
ଜିଆକୁ: accusative dative noun inflection=4
ଜିଆଠାରୁ: ablative noun inflection=4
ଜିଆଠାରେ: locative noun inflection=4
ଜିଆଦ୍ୱାରା: instrumental noun inflection=4
ଜିଆର: genitive noun inflection=4
ଜିଆରେ: vocative noun inflection=4
ଜେବ୍ରାକୁ: accusative dative noun inflection=1
ଜେବ୍ରାଟି: nominative noun inflection=1
ଜେବ୍ରାଠାରୁ: ablative noun inflection=1
ଜେବ୍ରାଠାରେ: locative noun inflection=1
ଜେବ୍ରାଦ୍ୱାରା: instrumental noun inflection=1
ଜେବ୍ରାର: genitive noun inflection=1
ଜେବ୍ରାରେ: vocative noun inflection=1
ଜୈଷ୍ଠ: positive adjective
ଜୈଷ୍ଠତମ: superlative adjective
ଜୈଷ୍ଠତର: comparative adjective
ଜୋରରେ: adverb
ଝାମ୍ପୁଡ଼ାମୁଣ୍ଡା: masculine adjective
ଝାମ୍ପୁଡ଼ୀମୁଣ୍ଡୀ: feminine adjective
ଝିଅ: nominative noun inflection=2
ଝିଅଙ୍କ: genitive noun inflection=2
ଝିଅଙ୍କଠାରୁ: ablative noun inflection=2
ଝିଅଙ୍କଠାରେ: locative noun inflection=2
ଝିଅଙ୍କଦ୍ୱାରା: instrumental noun inflection=2
ଝିଅଙ୍କୁ: accusative dative noun inflection=2
ଟକଳା: masculine adjective
ଟକଳୀ: feminine adjective
ଟେଣ୍ଟେଇକୁ: accusative dative noun inflection=1
ଟେଣ୍ଟେଇଟି: nominative noun inflection=1
ଟେଣ୍ଟେଇଠାରୁ: ablative noun inflection=1
ଟେଣ୍ଟେଇଠାରେ: locative noun inflection=1
ଟେଣ୍ଟେଇଦ୍ୱାରା: instrumental noun inflection=1
ଟେଣ୍ଟେଇର: genitive noun inflection=1
ଟେଣ୍ଟେଇରେ: vocative noun inflection=1
ଟେରା: masculine adjective
ଟେରୀ: feminine adjective
ଠେକୁଆ: nominative noun inflection=4
ଠେକୁଆକୁ: accusative dative noun inflection=4
ଠେକୁଆଠାରୁ: ablative noun inflection=4
ଠେକୁଆଠାରେ: locative noun inflection=4
ଠେକୁଆଦ୍ୱାରା: instrumental noun inflection=4
ଠେକୁଆର: genitive noun inflection=4
ଠେକୁଆରେ: vocative noun inflection=4
ଡରକୁଳା: masculine adjective
ଡରକୁଳୀ: feminine adjective
ଡାଇନୋସରକୁ: accusative dative noun inflection=3
ଡାଇନୋସରଟି: nominative noun inflection=3
ଡାଇନୋସରଠାରୁ: ablative noun inflection=3
ଡାଇନୋସରଠାରେ: locative noun inflection=3
ଡାଇନୋସରଦ୍ୱାରା: instrumental noun inflection=3
ଡାଇନୋସରର: genitive noun inflection=3
ଡାଇନୋସରରେ: vocative noun inflection=3
ଡାକ୍ତର: nominative noun inflection=2
ଡାକ୍ତରଙ୍କ: genitive noun inflection=2
ଡାକ୍ତରଙ୍କଠାରୁ: ablative noun inflection=2
ଡାକ୍ତରଙ୍କଠାରେ: locative noun inflection=2
ଡାକ୍ତରଙ୍କଦ୍ୱାରା: instrumental noun inflection=2
ଡାକ୍ତରଙ୍କୁ: accusative dative noun inflection=2
ଡାହୁକକୁ: accusative dative noun inflection=1
ଡାହୁକଟି: nominative noun inflection=1
ଡାହୁକଠାରୁ: ablative noun inflection=1
ଡାହୁକଠାରେ: locative noun inflection=1
ଡାହୁକଦ୍ୱାରା: instrumental noun inflection=1
ଡାହୁକର: genitive noun inflection=1
ଡାହୁକରେ: vocative noun inflection=1
ଡୋଡୋକୁ: accusative dative noun inflection=1
ଡୋଡୋଟି: nominative noun inflection=1
ଡୋଡୋଠାରୁ: ablative noun inflection=1
ଡୋଡୋଠାରେ: locative noun inflection=1
ଡୋଡୋଦ୍ୱାରା: instrumental noun inflection=1
ଡୋଡୋର: genitive noun inflection=1
ଡୋଡୋରେ: vocative noun inflection=1
ତପୋବତୀ: feminine adjective
ତପୋବନ୍ତ: masculine adjective
ତାଳ ଚଟିଆକୁ: accusative dative noun inflection=1
ତାଳ ଚଟିଆଟି: nominative noun inflection=1
ତାଳ ଚଟିଆଠାରୁ: ablative noun inflection=1
ତାଳ ଚଟିଆଠାରେ: locative noun inflection=1
ତାଳ ଚଟିଆଦ୍ୱାରା: instrumental noun inflection=1
ତାଳ ଚଟିଆର: genitive noun inflection=1
ତାଳ ଚଟିଆରେ: vocative noun inflection=1
ତୀବ୍ର: positive adjective
ତୀବ୍ରତମ: superlative adjective
ତୀବ୍ରତର: comparative adjective
ତୁଡ଼କା: noun inflection=5
ତେଲେଙ୍ଗା: masculine adjective
ତେଲେଙ୍ଗୀ: feminine adjective
ଦଦରାହଣାକୁ: accusative dative noun inflection=1
ଦଦରାହଣାଟି: nominative noun inflection=1
ଦଦରାହଣାଠାରୁ: ablative noun inflection=1
ଦଦରାହଣାଠାରେ: locative noun inflection=1
ଦଦରାହଣାଦ୍ୱାରା: instrumental noun inflection=1
ଦଦରାହଣାର: genitive noun inflection=1
ଦଦରାହଣାରେ: vocative noun inflection=1
ଦହିଆଳକୁ: accusative dative noun inflection=1
ଦହିଆଳଟି: nominative noun inflection=1
ଦହିଆଳଠାରୁ: ablative noun inflection=1
ଦହିଆଳଠାରେ: locative noun inflection=1
ଦହିଆଳଦ୍ୱାରା: instrumental noun inflection=1
ଦହିଆଳର: genitive noun inflection=1
ଦହିଆଳରେ: vocative noun inflection=1
ଦୀର୍ଘ: positive adjective
ଦୀର୍ଘତମ: superlative adjective
ଦୀର୍ଘତର: comparative adjective
ଦୁର୍ଲଭ: positive adjective
ଦୁର୍ଲଭତମ: superlative adjective
ଦୁର୍ଲଭତର: comparative adjective
ଦେବତା ବିନ୍ଧାଣୀକୁ: accusative dative noun inflection=1
ଦେବତା ବିନ୍ଧାଣୀଟି: nominative noun inflection=1
ଦେବତା ବିନ୍ଧାଣୀଠାରୁ: ablative noun inflection=1
ଦେବତା ବିନ୍ଧାଣୀଠାରେ: locative noun inflection=1
ଦେବତା ବିନ୍ଧାଣୀଦ୍ୱାରା: instrumental noun inflection=1
ଦେବତା ବିନ୍ଧାଣୀର: genitive noun inflection=1
ଦେବତା ବିନ୍ଧାଣୀରେ: vocative noun inflection=1
ଦୋକାନୀ: nominative noun inflection=2
ଦୋକାନୀଙ୍କ: genitive noun inflection=2
ଦୋକାନୀଙ୍କଠାରୁ: ablative noun inflection=2
ଦୋକାନୀଙ୍କଠାରେ: locative noun inflection=2
ଦୋକାନୀଙ୍କଦ୍ୱାରା: instrumental noun inflection=2
ଦୋକାନୀଙ୍କୁ: accusative dative noun inflection=2
ଦ୍ରୁତ: positive adjective
ଦ୍ରୁତତମ: superlative adjective
ଦ୍ରୁତତର: comparative adjective
ଧଳା: masculine adjective
ଧଳା ବେକିଆ ମାଛରଙ୍କାକୁ: accusative dative noun inflection=1
ଧଳା ବେକିଆ ମାଛରଙ୍କାଟି: nominative noun inflection=1
ଧଳା ବେକିଆ ମାଛରଙ୍କାଠାରୁ: ablative noun inflection=1
ଧଳା ବେକିଆ ମାଛରଙ୍କାଠାରେ: locative noun inflection=1
ଧଳା ବେକିଆ ମାଛରଙ୍କାଦ୍ୱାରା: instrumental noun inflection=1
ଧଳା ବେକିଆ ମାଛରଙ୍କାର: genitive noun inflection=1
ଧଳା ବେକିଆ ମାଛରଙ୍କାରେ: vocative noun inflection=1
ଧୀରେ: positive adverb
ଧୀରେଧୀରେ: augmentative adverb
ଧୋବଚମ୍ପାକୁ: accusative dative noun inflection=1
ଧୋବଚମ୍ପାଟି: nominative noun inflection=1
ଧୋବଚମ୍ପାଠାରୁ: ablative noun inflection=1
ଧୋବଚମ୍ପାଠାରେ: locative noun inflection=1
ଧୋବଚମ୍ପାଦ୍ୱାରା: instrumental noun inflection=1
ଧୋବଚମ୍ପାର: genitive noun inflection=1
ଧୋବଚମ୍ପାରେ: vocative noun inflection=1
ଧୋବଲୀ: feminine adjective
ନମନୀୟ: positive adjective
ନମନୀୟତମ: superlative adjective
ନମନୀୟତର: comparative adjective
ନର୍ତ୍ତକୀ: nominative noun inflection=2
ନର୍ତ୍ତକୀଙ୍କ: genitive noun inflection=2
ନର୍ତ୍ତକୀଙ୍କଠାରୁ: ablative noun inflection=2
ନର୍ତ୍ତକୀଙ୍କଠାରେ: locative noun inflection=2
ନର୍ତ୍ତକୀଙ୍କଦ୍ୱାରା: instrumental noun inflection=2
ନର୍ତ୍ତକୀଙ୍କୁ: accusative dative noun inflection=2
ନହକା: masculine adjective
ନହକୀ: feminine adjective
ନାଗର: masculine adjective
ନାଗରୀ: feminine adjective
ନାଲିମୁଣ୍ଡିଆ ବାଜକୁ: accusative dative noun inflection=1
ନାଲିମୁଣ୍ଡିଆ ବାଜଟି: nominative noun inflection=1
ନାଲିମୁଣ୍ଡିଆ ବାଜଠାରୁ: ablative noun inflection=1
ନାଲିମୁଣ୍ଡିଆ ବାଜଠାରେ: locative noun inflection=1
ନାଲିମୁଣ୍ଡିଆ ବାଜଦ୍ୱାରା: instrumental noun inflection=1
ନାଲିମୁଣ୍ଡିଆ ବାଜର: genitive noun inflection=1
ନାଲିମୁଣ୍ଡିଆ ବାଜରେ: vocative noun inflection=1
ନିମ୍ନ: positive adjective
ନିମ୍ନତମ: superlative adjective
ନିମ୍ନତର: comparative adjective
ନିରକ୍ଷାନ୍ତର: noun inflection=5
ନିରୀକ୍ଷକ: nominative noun inflection=2
ନିରୀକ୍ଷକଙ୍କ: genitive noun inflection=2
ନିରୀକ୍ଷକଙ୍କଠାରୁ: ablative noun inflection=2
ନିରୀକ୍ଷକଙ୍କଠାରେ: locative noun inflection=2
ନିରୀକ୍ଷକଙ୍କଦ୍ୱାରା: instrumental noun inflection=2
ନିରୀକ୍ଷକଙ୍କୁ: accusative dative noun inflection=2
ନିଷ୍କ୍ରିୟ: positive adjective
ନିଷ୍କ୍ରିୟତମ: superlative adjective
ନିଷ୍କ୍ରିୟତର: comparative adjective
ନୀଳ କଟକଟିଆକୁ: accusative dative noun inflection=1
ନୀଳ କଟକଟିଆଟି: nominative noun inflection=1
ନୀଳ କଟକଟିଆଠାରୁ: ablative noun inflection=1
ନୀଳ କଟକଟିଆଠାରେ: locative noun inflection=1
ନୀଳ କଟକଟିଆଦ୍ୱାରା: instrumental noun inflection=1
ନୀଳ କଟକଟିଆର: genitive noun inflection=1
ନୀଳ କଟକଟିଆରେ: vocative noun inflection=1
ନେଉଳ: nominative noun inflection=4
ନେଉଳକୁ: accusative dative noun inflection=4
ନେଉଳଠାରୁ: ablative noun inflection=4
ନେଉଳଠାରେ: locative noun inflection=4
ନେଉଳଦ୍ୱାରା: instrumental noun inflection=4
ନେଉଳର: genitive noun inflection=4
ନେଉଳରେ: vocative noun inflection=4
ପଣ୍ଡା ହଂସକୁ: accusative dative noun inflection=1
ପଣ୍ଡା ହଂସଟି: nominative noun inflection=1
ପଣ୍ଡା ହଂସଠାରୁ: ablative noun inflection=1
ପଣ୍ଡା ହଂସଠାରେ: locative noun inflection=1
ପଣ୍ଡା ହଂସଦ୍ୱାରା: instrumental noun inflection=1
ପଣ୍ଡା ହଂସର: genitive noun inflection=1
ପଣ୍ଡା ହଂସରେ: vocative noun inflection=1
ପତଳା: masculine adjective
ପତଳୀ: feminine adjective
ପାଉଁଶମୁଣ୍ଡି ବଣିକୁ: accusative dative noun inflection=1
ପାଉଁଶମୁଣ୍ଡି ବଣିଟି: nominative noun inflection=1
ପାଉଁଶମୁଣ୍ଡି ବଣିଠାରୁ: ablative noun inflection=1
ପାଉଁଶମୁଣ୍ଡି ବଣିଠାରେ: locative noun inflection=1
ପାଉଁଶମୁଣ୍ଡି ବଣିଦ୍ୱାରା: instrumental noun inflection=1
ପାଉଁଶମୁଣ୍ଡି ବଣିର: genitive noun inflection=1
ପାଉଁଶମୁଣ୍ଡି ବଣିରେ: vocative noun inflection=1
ପାଚକ: nominative noun inflection=2
ପାଚକଙ୍କ: genitive noun inflection=2
ପାଚକଙ୍କଠାରୁ: ablative noun inflection=2
ପାଚକଙ୍କଠାରେ: locative noun inflection=2
ପାଚକଙ୍କଦ୍ୱାରା: instrumental noun inflection=2
ପାଚକଙ୍କୁ: accusative dative noun inflection=2
ପାଚିକା: nominative noun inflection=2
ପାଚିକାଙ୍କ: genitive noun inflection=2
ପାଚିକାଙ୍କଠାରୁ: ablative noun inflection=2
ପାଚିକାଙ୍କଠାରେ: locative noun inflection=2
ପାଚିକାଙ୍କଦ୍ୱାରା: instrumental noun inflection=2
ପାଚିକାଙ୍କୁ: accusative dative noun inflection=2
ପାଠକ: nominative noun inflection=2
ପାଠକଙ୍କ: genitive noun inflection=2
ପାଠକଙ୍କଠାରୁ: ablative noun inflection=2
ପାଠକଙ୍କଠାରେ: locative noun inflection=2
ପାଠକଙ୍କଦ୍ୱାରା: instrumental noun inflection=2
ପାଠକଙ୍କୁ: accusative dative noun inflection=2
ପାଠିକା: nominative noun inflection=2
ପାଠିକାଙ୍କ: genitive noun inflection=2
ପାଠିକାଙ୍କଠାରୁ: ablative noun inflection=2
ପାଠିକାଙ୍କଠାରେ: locative noun inflection=2
ପାଠିକାଙ୍କଦ୍ୱାରା: instrumental noun inflection=2
ପାଠିକାଙ୍କୁ: accusative dative noun inflection=2
ପାଣ: nominative noun inflection=2
ପାଣଙ୍କ: genitive noun inflection=2
ପାଣଙ୍କଠାରୁ: ablative noun inflection=2
ପାଣଙ୍କଠାରେ: locative noun inflection=2
ପାଣଙ୍କଦ୍ୱାରା: instrumental noun inflection=2
ପାଣଙ୍କୁ: accusative dative noun inflection=2
ପାଣି: nominative noun inflection=4
ପାଣି ଗୁଣ୍ଡୁରୀକୁ: accusative dative noun inflection=1
ପାଣି ଗୁଣ୍ଡୁରୀଟି: nominative noun inflection=1
ପାଣି ଗୁଣ୍ଡୁରୀଠାରୁ: ablative noun inflection=1
ପାଣି ଗୁଣ୍ଡୁରୀଠାରେ: locative noun inflection=1
ପାଣି ଗୁଣ୍ଡୁରୀଦ୍ୱାରା: instrumental noun inflection=1
ପାଣି ଗୁଣ୍ଡୁରୀର: genitive noun inflection=1
ପାଣି ଗୁଣ୍ଡୁରୀରେ: vocative noun inflection=1
ପାଣିକୁ: accusative dative noun inflection=4
ପାଣିକୁଆ: nominative noun inflection=4
ପାଣିକୁଆକୁ: accusative dative noun inflection=4
ପାଣିକୁଆଠାରୁ: ablative noun inflection=4
ପାଣିକୁଆଠାରେ: locative noun inflection=4
ପାଣିକୁଆଦ୍ୱାରା: instrumental noun inflection=4
ପାଣିକୁଆର: genitive noun inflection=4
ପାଣିକୁଆରେ: vocative noun inflection=4
ପାଣିଠାରୁ: ablative noun inflection=4
ପାଣିଠାରେ: locative noun inflection=4
ପାଣିଦ୍ୱାରା: instrumental noun inflection=4
ପାଣିର: genitive noun inflection=4
ପାଣିରେ: vocative noun inflection=4
ପାରାକୁ: accusative dative noun inflection=1
ପାରାଟି: nominative noun inflection=1
ପାରାଠାରୁ: ablative noun inflection=1
ପାରାଠାରେ: locative noun inflection=1
ପାରାଦ୍ୱାରା: instrumental noun inflection=1
ପାରାର: genitive noun inflection=1
ପାରାରେ: vocative noun inflection=1
ପିଲା: nominative noun inflection=2
ପିଲାଙ୍କ: genitive noun inflection=2
ପିଲାଙ୍କଠାରୁ: ablative noun inflection=2
ପିଲାଙ୍କଠାରେ: locative noun inflection=2
ପିଲାଙ୍କଦ୍ୱାରା: instrumental noun inflection=2
ପିଲାଙ୍କୁ: accusative dative noun inflection=2
ପୁଅ: nominative noun inflection=2
ପୁଅଙ୍କ: genitive noun inflection=2
ପୁଅଙ୍କଠାରୁ: ablative noun inflection=2
ପୁଅଙ୍କଠାରେ: locative noun inflection=2
ପୁଅଙ୍କଦ୍ୱାରା: instrumental noun inflection=2
ପୁଅଙ୍କୁ: accusative dative noun inflection=2
ପୁତ୍ରବତୀ: feminine adjective
ପୁତ୍ରବାନ: masculine adjective
ପୋକ: nominative noun inflection=4
ପୋକକୁ: accusative dative noun inflection=4
ପୋକଠାରୁ: ablative noun inflection=4
ପୋକଠାରେ: locative noun inflection=4
ପୋକଦ୍ୱାରା: instrumental noun inflection=4
ପୋକର: genitive noun inflection=4
ପୋକରେ: vocative noun inflection=4
ପ୍ରଗଳ୍ଭ: positive adjective
ପ୍ରଗଳ୍ଭତମ: superlative adjective
ପ୍ରଗଳ୍ଭତର: comparative adjective
ପ୍ରବଳ: positive adjective
ପ୍ରବଳତମ: superlative adjective
ପ୍ରବଳତର: comparative adjective
ବଇଦ: nominative noun inflection=2
ବଇଦଙ୍କ: genitive noun inflection=2
ବଇଦଙ୍କଠାରୁ: ablative noun inflection=2
ବଇଦଙ୍କଠାରେ: locative noun inflection=2
ବଇଦଙ୍କଦ୍ୱାରା: instrumental noun inflection=2
ବଇଦଙ୍କୁ: accusative dative noun inflection=2
ବଜ୍ରକାପ୍ତାକୁ: accusative dative noun inflection=1
ବଜ୍ରକାପ୍ତାଟି: nominative noun inflection=1
ବଜ୍ରକାପ୍ତାଠାରୁ: ablative noun inflection=1
ବଜ୍ରକାପ୍ତାଠାରେ: locative noun inflection=1
ବଜ୍ରକାପ୍ତାଦ୍ୱାରା: instrumental noun inflection=1
ବଜ୍ରକାପ୍ତାର: genitive noun inflection=1
ବଜ୍ରକାପ୍ତାରେ: vocative noun inflection=1
ବଣକାପ୍ତାକୁ: accusative dative noun inflection=1
ବଣକାପ୍ତାଟି: nominative noun inflection=1
ବଣକାପ୍ତାଠାରୁ: ablative noun inflection=1
ବଣକାପ୍ତାଠାରେ: locative noun inflection=1
ବଣକାପ୍ତାଦ୍ୱାରା: instrumental noun inflection=1
ବଣକାପ୍ତାର: genitive noun inflection=1
ବଣକାପ୍ତାରେ: vocative noun inflection=1
ବଣିକୁ: accusative dative noun inflection=1
ବଣିଟି: nominative noun inflection=1
ବଣିଠାରୁ: ablative noun inflection=1
ବଣିଠାରେ: locative noun inflection=1
ବଣିଦ୍ୱାରା: instrumental noun inflection=1
ବଣିର: genitive noun inflection=1
ବଣିରେ: vocative noun inflection=1
ବତକକୁ: accusative dative noun inflection=1
ବତକଟି: nominative noun inflection=1
ବତକଠାରୁ: ablative noun inflection=1
ବତକଠାରେ: locative noun inflection=1
ବତକଦ୍ୱାରା: instrumental noun inflection=1
ବତକର: genitive noun inflection=1
ବତକରେ: vocative noun inflection=1
ବାଇଚଢେଇକୁ: accusative dative noun inflection=1
ବାଇଚଢେଇଟି: nominative noun inflection=1
ବାଇଚଢେଇଠାରୁ: ablative noun inflection=1
ବାଇଚଢେଇଠାରେ: locative noun inflection=1
ବାଇଚଢେଇଦ୍ୱାରା: instrumental noun inflection=1
ବାଇଚଢେଇର: genitive noun inflection=1
ବାଇଚଢେଇରେ: vocative noun inflection=1
ବାଦୁଡ଼ିକୁ: accusative dative noun inflection=1
ବାଦୁଡ଼ିଟି: nominative noun inflection=1
ବାଦୁଡ଼ିଠାରୁ: ablative noun inflection=1
ବାଦୁଡ଼ିଠାରେ: locative noun inflection=1
ବାଦୁଡ଼ିଦ୍ୱାରା: instrumental noun inflection=1
ବାଦୁଡ଼ିର: genitive noun inflection=1
ବାଦୁଡ଼ିରେ: vocative noun inflection=1
ବାନରକୁ: accusative dative noun inflection=3
ବାନରଟି: nominative noun inflection=3
ବାନରଠାରୁ: ablative noun inflection=3
ବାନରଠାରେ: locative noun inflection=3
ବାନରଦ୍ୱାରା: instrumental noun inflection=3
ବାନରର: genitive noun inflection=3
ବାନରରେ: vocative noun inflection=3
ବାରଶିଂଘାକୁ: accusative dative noun inflection=1
ବାରଶିଂଘାଟି: nominative noun inflection=1
ବାରଶିଂଘାଠାରୁ: ablative noun inflection=1
ବାରଶିଂଘାଠାରେ: locative noun inflection=1
ବାରଶିଂଘାଦ୍ୱାରା: instrumental noun inflection=1
ବାରଶିଂଘାର: genitive noun inflection=1
ବାରଶିଂଘାରେ: vocative noun inflection=1
ବାଳକ: nominative noun inflection=2
ବାଳକଙ୍କ: genitive noun inflection=2
ବାଳକଙ୍କଠାରୁ: ablative noun inflection=2
ବାଳକଙ୍କଠାରେ: locative noun inflection=2
ବାଳକଙ୍କଦ୍ୱାରା: instrumental noun inflection=2
ବାଳକଙ୍କୁ: accusative dative noun inflection=2
ବାଳିକା: nominative noun inflection=2
ବାଳିକାଙ୍କ: genitive noun inflection=2
ବାଳିକାଙ୍କଠାରୁ: ablative noun inflection=2
ବାଳିକାଙ୍କଠାରେ: locative noun inflection=2
ବାଳିକାଙ୍କଦ୍ୱାରା: instrumental noun inflection=2
ବାଳିକାଙ୍କୁ: accusative dative noun inflection=2
ବାଷ୍ପୀୟ: positive adjective
ବାଷ୍ପୀୟତମ: superlative adjective
ବାଷ୍ପୀୟତର: comparative adjective
ବିରାଡ଼ି: nominative noun inflection=4
ବିରାଡ଼ିକୁ: accusative dative noun inflection=4
ବିରାଡ଼ିଠାରୁ: ablative noun inflection=4
ବିରାଡ଼ିଠାରେ: locative noun inflection=4
ବିରାଡ଼ିଦ୍ୱାରା: instrumental noun inflection=4
ବିରାଡ଼ିର: genitive noun inflection=4
ବିରାଡ଼ିରେ: vocative noun inflection=4
ବିଲୁଆ: nominative noun inflection=4
ବିଲୁଆକୁ: accusative dative noun inflection=4
ବିଲୁଆଠାରୁ: ablative noun inflection=4
ବିଲୁଆଠାରେ: locative noun inflection=4
ବିଲୁଆଦ୍ୱାରା: instrumental noun inflection=4
ବିଲୁଆର: genitive noun inflection=4
ବିଲୁଆରେ: vocative noun inflection=4
ବିଶାଳ: positive adjective
ବିଶାଳତମ: superlative adjective
ବିଶାଳତର: comparative adjective
ବିଷ୍ଣୁ: proper-noun
ବିସ୍ମୟ: positive adjective
ବିସ୍ମୟତମ: superlative adjective
ବିସ୍ମୟତର: comparative adjective
ବୋଡ଼ା: nominative noun inflection=4
ବୋଡ଼ାକୁ: accusative dative noun inflection=4
ବୋଡ଼ାଠାରୁ: ablative noun inflection=4
ବୋଡ଼ାଠାରେ: locative noun inflection=4
ବୋଡ଼ାଦ୍ୱାରା: instrumental noun inflection=4
ବୋଡ଼ାର: genitive noun inflection=4
ବୋଡ଼ାରେ: vocative noun inflection=4
ଭଦଭଦଳିଆକୁ: accusative dative noun inflection=1
ଭଦଭଦଳିଆଟି: nominative noun inflection=1
ଭଦଭଦଳିଆଠାରୁ: ablative noun inflection=1
ଭଦଭଦଳିଆଠାରେ: locative noun inflection=1
ଭଦଭଦଳିଆଦ୍ୱାରା: instrumental noun inflection=1
ଭଦଭଦଳିଆର: genitive noun inflection=1
ଭଦଭଦଳିଆରେ: vocative noun inflection=1
ଭଲ୍ଲକକୁ: accusative dative noun inflection=3
ଭଲ୍ଲକଟି: nominative noun inflection=3
ଭଲ୍ଲକଠାରୁ: ablative noun inflection=3
ଭଲ୍ଲକଠାରେ: locative noun inflection=3
ଭଲ୍ଲକଦ୍ୱାରା: instrumental noun inflection=3
ଭଲ୍ଲକର: genitive noun inflection=3
ଭଲ୍ଲକରେ: vocative noun inflection=3
ଭଲ୍ଲକୁ: accusative dative noun inflection=3
ଭଲ୍ଲଟି: nominative noun inflection=3
ଭଲ୍ଲଠାରୁ: ablative noun inflection=3
ଭଲ୍ଲଠାରେ: locative noun inflection=3
ଭଲ୍ଲଦ୍ୱାରା: instrumental noun inflection=3
ଭଲ୍ଲର: genitive noun inflection=3
ଭଲ୍ଲରେ: vocative noun inflection=3
ଭାରତ: nominative noun proper-noun inflection=7
ଭାରତୀୟକୁ: accusative dative noun inflection=1
ଭାରତୀୟଟି: nominative noun inflection=1
ଭାରତୀୟଠାରୁ: ablative noun inflection=1
ଭାରତୀୟଠାରେ: locative noun inflection=1
ଭାରତୀୟଦ୍ୱାରା: instrumental noun inflection=1
ଭାରତୀୟର: genitive noun inflection=1
ଭାରତୀୟରେ: vocative noun inflection=1
ଭାଲୁକକୁ: accusative dative noun inflection=3
ଭାଲୁକଟି: nominative noun inflection=3
ଭାଲୁକଠାରୁ: ablative noun inflection=3
ଭାଲୁକଠାରେ: locative noun inflection=3
ଭାଲୁକଦ୍ୱାରା: instrumental noun inflection=3
ଭାଲୁକର: genitive noun inflection=3
ଭାଲୁକରେ: vocative noun inflection=3
ଭାଲୁକୁ: accusative dative noun inflection=3
ଭାଲୁଟି: nominative noun inflection=3
ଭାଲୁଠାରୁ: ablative noun inflection=3
ଭାଲୁଠାରେ: locative noun inflection=3
ଭାଲୁଦ୍ୱାରା: instrumental noun inflection=3
ଭାଲୁର: genitive noun inflection=3
ଭାଲୁରେ: vocative noun inflection=3
ଭୂଇଁଖୁଣ୍ଟିକୁ: accusative dative noun inflection=1
ଭୂଇଁଖୁଣ୍ଟିଟି: nominative noun inflection=1
ଭୂଇଁଖୁଣ୍ଟିଠାରୁ: ablative noun inflection=1
ଭୂଇଁଖୁଣ୍ଟିଠାରେ: locative noun inflection=1
ଭୂଇଁଖୁଣ୍ଟିଦ୍ୱାରା: instrumental noun inflection=1
ଭୂଇଁଖୁଣ୍ଟିର: genitive noun inflection=1
ଭୂଇଁଖୁଣ୍ଟିରେ: vocative noun inflection=1
ମଉଜରେ: adverb
ମଜା: adverb
ମଜାରେ: adverb
ମଧ୍ୟମ: masculine adjective
ମଧ୍ୟମା: feminine adjective
ମର୍କଟକୁ: accusative dative noun inflection=3
ମର୍କଟଟି: nominative noun inflection=3
ମର୍କଟଠାରୁ: ablative noun inflection=3
ମର୍କଟଠାରେ: locative noun inflection=3
ମର୍କଟଦ୍ୱାରା: instrumental noun inflection=3
ମର୍କଟର: genitive noun inflection=3
ମର୍କଟରେ: vocative noun inflection=3
ମଳିନ: positive adjective
ମଳିନତମ: superlative adjective
ମଳିନତର: comparative adjective
ମହାର୍ଘ: positive adjective
ମହାର୍ଘତମ: superlative adjective
ମହାର୍ଘତର: comparative adjective
ମାଙ୍କଡ଼କୁ: accusative dative noun inflection=3
ମାଙ୍କଡ଼ଟି: nominative noun inflection=3
ମାଙ୍କଡ଼ଠାରୁ: ablative noun inflection=3
ମାଙ୍କଡ଼ଠାରେ: locative noun inflection=3
ମାଙ୍କଡ଼ଦ୍ୱାରା: instrumental noun inflection=3
ମାଙ୍କଡ଼ର: genitive noun inflection=3
ମାଙ୍କଡ଼ରେ: vocative noun inflection=3
ମାଛ: nominative noun inflection=4
ମାଛକୁ: accusative dative noun inflection=1 inflection=4
ମାଛଟି: nominative noun inflection=1
ମାଛଠାରୁ: ablative noun inflection=1 inflection=4
ମାଛଠାରେ: locative noun inflection=1 inflection=4
ମାଛଦ୍ୱାରା: instrumental noun inflection=1 inflection=4
ମାଛର: genitive noun inflection=1 inflection=4
ମାଛରେ: vocative noun inflection=1 inflection=4
ମାଣ୍ଡିଆଖାଇକୁ: accusative dative noun inflection=1
ମାଣ୍ଡିଆଖାଇଟି: nominative noun inflection=1
ମାଣ୍ଡିଆଖାଇଠାରୁ: ablative noun inflection=1
ମାଣ୍ଡିଆଖାଇଠାରେ: locative noun inflection=1
ମାଣ୍ଡିଆଖାଇଦ୍ୱାରା: instrumental noun inflection=1
ମାଣ୍ଡିଆଖାଇର: genitive noun inflection=1
ମାଣ୍ଡିଆଖାଇରେ: vocative noun inflection=1
ମାର୍ଜାର: nominative noun inflection=6
ମାର୍ଜାରକୁ: accusative dative noun inflection=6
ମାର୍ଜାରଠାରୁ: ablative noun inflection=6
ମାର୍ଜାରଠାରେ: locative noun inflection=6
ମାର୍ଜାରଦ୍ୱାରା: instrumental noun inflection=6
ମାର୍ଜାରର: genitive noun inflection=6
ମାର୍ଜାରରେ: vocative noun inflection=6
ମାଳି: nominative noun inflection=2
ମାଳିଙ୍କ: genitive noun inflection=2
ମାଳିଙ୍କଠାରୁ: ablative noun inflection=2
ମାଳିଙ୍କଠାରେ: locative noun inflection=2
ମାଳିଙ୍କଦ୍ୱାରା: instrumental noun inflection=2
ମାଳିଙ୍କୁ: accusative dative noun inflection=2
ମୁଢ଼ି: noun inflection=5
ମୋଟା: masculine adjective
ମୋଟୀ: feminine adjective
ମୌନ: positive adjective
ମୌନତମ: superlative adjective
ମୌନତର: comparative adjective
ମୟୂରକୁ: accusative dative noun inflection=1
ମୟୂରଟି: nominative noun inflection=1
ମୟୂରଠାରୁ: ablative noun inflection=1
ମୟୂରଠାରେ: locative noun inflection=1
ମୟୂରଦ୍ୱାରା: instrumental noun inflection=1
ମୟୂରର: genitive noun inflection=1
ମୟୂରରେ: vocative noun inflection=1
ଯନ୍ତ୍ରୀ: nominative noun inflection=2
ଯନ୍ତ୍ରୀଙ୍କ: genitive noun inflection=2
ଯନ୍ତ୍ରୀଙ୍କଠାରୁ: ablative noun inflection=2
ଯନ୍ତ୍ରୀଙ୍କଠାରେ: locative noun inflection=2
ଯନ୍ତ୍ରୀଙ୍କଦ୍ୱାରା: instrumental noun inflection=2
ଯନ୍ତ୍ରୀଙ୍କୁ: accusative dative noun inflection=2
ଯୁବକ: nominative noun inflection=2
ଯୁବକଙ୍କ: genitive noun inflection=2
ଯୁବକଙ୍କଠାରୁ: ablative noun inflection=2
ଯୁବକଙ୍କଠାରେ: locative noun inflection=2
ଯୁବକଙ୍କଦ୍ୱାରା: instrumental noun inflection=2
ଯୁବକଙ୍କୁ: accusative dative noun inflection=2
ଯୁବତୀ: nominative noun inflection=2
ଯୁବତୀଙ୍କ: genitive noun inflection=2
ଯୁବତୀଙ୍କଠାରୁ: ablative noun inflection=2
ଯୁବତୀଙ୍କଠାରେ: locative noun inflection=2
ଯୁବତୀଙ୍କଦ୍ୱାରା: instrumental noun inflection=2
ଯୁବତୀଙ୍କୁ: accusative dative noun inflection=2
ରଂଗୀନ: positive adjective
ରଂଗୀନତମ: superlative adjective
ରଂଗୀନତର: comparative adjective
ରଙ୍ଗୀନ: positive adjective
ରଙ୍ଗୀନତମ: superlative adjective
ରଙ୍ଗୀନତର: comparative adjective
ରଚୟିତା: nominative noun inflection=2
ରଚୟିତାଙ୍କ: genitive noun inflection=2
ରଚୟିତାଙ୍କଠାରୁ: ablative noun inflection=2
ରଚୟିତାଙ୍କଠାରେ: locative noun inflection=2
ରଚୟିତାଙ୍କଦ୍ୱାରା: instrumental noun inflection=2
ରଚୟିତାଙ୍କୁ: accusative dative noun inflection=2
ରଣପାକୁ: accusative dative noun inflection=1
ରଣପାଟି: nominative noun inflection=1
ରଣପାଠାରୁ: ablative noun inflection=1
ରଣପାଠାରେ: locative noun inflection=1
ରଣପାଦ୍ୱାରା: instrumental noun inflection=1
ରଣପାର: genitive noun inflection=1
ରଣପାରେ: vocative noun inflection=1
ରାଜବଣିକୁ: accusative dative noun inflection=1
ରାଜବଣିଟି: nominative noun inflection=1
ରାଜବଣିଠାରୁ: ablative noun inflection=1
ରାଜବଣିଠାରେ: locative noun inflection=1
ରାଜବଣିଦ୍ୱାରା: instrumental noun inflection=1
ରାଜବଣିର: genitive noun inflection=1
ରାଜବଣିରେ: vocative noun inflection=1
ରାନ୍ଧୁଣିଆ: nominative noun inflection=2
ରାନ୍ଧୁଣିଆଙ୍କ: genitive noun inflection=2
ରାନ୍ଧୁଣିଆଙ୍କଠାରୁ: ablative noun inflection=2
ରାନ୍ଧୁଣିଆଙ୍କଠାରେ: locative noun inflection=2
ରାନ୍ଧୁଣିଆଙ୍କଦ୍ୱାରା: instrumental noun inflection=2
ରାନ୍ଧୁଣିଆଙ୍କୁ: accusative dative noun inflection=2
ରାନ୍ଧୁଣୀ: nominative noun inflection=2
ରାନ୍ଧୁଣୀଙ୍କ: genitive noun inflection=2
ରାନ୍ଧୁଣୀଙ୍କଠାରୁ: ablative noun inflection=2
ରାନ୍ଧୁଣୀଙ୍କଠାରେ: locative noun inflection=2
ରାନ୍ଧୁଣୀଙ୍କଦ୍ୱାରା: instrumental noun inflection=2
ରାନ୍ଧୁଣୀଙ୍କୁ: accusative dative noun inflection=2
ରୂପବତୀ: feminine adjective
ରୂପବାନ: masculine adjective
ଲେଖକ: nominative noun inflection=2
ଲେଖକଙ୍କ: genitive noun inflection=2
ଲେଖକଙ୍କଠାରୁ: ablative noun inflection=2
ଲେଖକଙ୍କଠାରେ: locative noun inflection=2
ଲେଖକଙ୍କଦ୍ୱାରା: instrumental noun inflection=2
ଲେଖକଙ୍କୁ: accusative dative noun inflection=2
ଲେଖିକା: nominative noun inflection=2
ଲେଖିକାଙ୍କ: genitive noun inflection=2
ଲେଖିକାଙ୍କଠାରୁ: ablative noun inflection=2
ଲେଖିକାଙ୍କଠାରେ: locative noun inflection=2
ଲେଖିକାଙ୍କଦ୍ୱାରା: instrumental noun inflection=2
ଲେଖିକାଙ୍କୁ: accusative dative noun inflection=2
ଲୋକ: nominative noun inflection=2
ଲୋକଙ୍କ: genitive noun inflection=2
ଲୋକଙ୍କଠାରୁ: ablative noun inflection=2
ଲୋକଙ୍କଠାରେ: locative noun inflection=2
ଲୋକଙ୍କଦ୍ୱାରା: instrumental noun inflection=2
ଲୋକଙ୍କୁ: accusative dative noun inflection=2
ଶଙ୍ଖଚିଲକୁ: accusative dative noun inflection=1
ଶଙ୍ଖଚିଲଟି: nominative noun inflection=1
ଶଙ୍ଖଚିଲଠାରୁ: ablative noun inflection=1
ଶଙ୍ଖଚିଲଠାରେ: locative noun inflection=1
ଶଙ୍ଖଚିଲଦ୍ୱାରା: instrumental noun inflection=1
ଶଙ୍ଖଚିଲର: genitive noun inflection=1
ଶଙ୍ଖଚିଲରେ: vocative noun inflection=1
ଶାଙ୍କୁଚକୁ: accusative dative noun inflection=1
ଶାଙ୍କୁଚଟି: nominative noun inflection=1
ଶାଙ୍କୁଚଠାରୁ: ablative noun inflection=1
ଶାଙ୍କୁଚଠାରେ: locative noun inflection=1
ଶାଙ୍କୁଚଦ୍ୱାରା: instrumental noun inflection=1
ଶାଙ୍କୁଚର: genitive noun inflection=1
ଶାଙ୍କୁଚରେ: vocative noun inflection=1
ଶିଆଳ: nominative noun inflection=4
ଶିଆଳକୁ: accusative dative noun inflection=4
ଶିଆଳଠାରୁ: ablative noun inflection=4
ଶିଆଳଠାରେ: locative noun inflection=4
ଶିଆଳଦ୍ୱାରା: instrumental noun inflection=4
ଶିଆଳର: genitive noun inflection=4
ଶିଆଳରେ: vocative noun inflection=4
ଶିକ୍ଷକ: nominative noun inflection=2
ଶିକ୍ଷକଙ୍କ: genitive noun inflection=2
ଶିକ୍ଷକଙ୍କଠାରୁ: ablative noun inflection=2
ଶିକ୍ଷକଙ୍କଠାରେ: locative noun inflection=2
ଶିକ୍ଷକଙ୍କଦ୍ୱାରା: instrumental noun inflection=2
ଶିକ୍ଷକଙ୍କୁ: accusative dative noun inflection=2
ଶିକ୍ଷିକା: nominative noun inflection=2
ଶିକ୍ଷିକାଙ୍କ: genitive noun inflection=2
ଶିକ୍ଷିକାଙ୍କଠାରୁ: ablative noun inflection=2
ଶିକ୍ଷିକାଙ୍କଠାରେ: locative noun inflection=2
ଶିକ୍ଷିକାଙ୍କଦ୍ୱାରା: instrumental noun inflection=2
ଶିକ୍ଷିକାଙ୍କୁ: accusative dative noun inflection=2
ଶିକ୍ଷୟିତ୍ରୀ: nominative noun inflection=2
ଶିକ୍ଷୟିତ୍ରୀଙ୍କ: genitive noun inflection=2
ଶିକ୍ଷୟିତ୍ରୀଙ୍କଠାରୁ: ablative noun inflection=2
ଶିକ୍ଷୟିତ୍ରୀଙ୍କଠାରେ: locative noun inflection=2
ଶିକ୍ଷୟିତ୍ରୀଙ୍କଦ୍ୱାରା: instrumental noun inflection=2
ଶିକ୍ଷୟିତ୍ରୀଙ୍କୁ: accusative dative noun inflection=2
ଶୀତଳ: positive adjective
ଶୀତଳତମ: superlative adjective
ଶୀତଳତର: comparative adjective
ଶୁଆକୁ: accusative dative noun inflection=1
ଶୁଆଟି: nominative noun inflection=1
ଶୁଆଠାରୁ: ablative noun inflection=1
ଶୁଆଠାରେ: locative noun inflection=1
ଶୁଆଦ୍ୱାରା: instrumental noun inflection=1
ଶୁଆର: genitive noun inflection=1
ଶୁଆରେ: vocative noun inflection=1
ଶୁଷ୍କ: positive adjective
ଶୁଷ୍କତମ: superlative adjective
ଶୁଷ୍କତର: comparative adjective
ଶ୍ରେଷ୍ଠ: positive masculine adjective
ଶ୍ରେଷ୍ଠତମ: superlative adjective
ଶ୍ରେଷ୍ଠତର: comparative adjective
ଶ୍ରେଷ୍ଠା: feminine adjective
ଶ୍ଵାନକୁ: accusative dative noun inflection=1
ଶ୍ଵାନଟି: nominative noun inflection=1
ଶ୍ଵାନଠାରୁ: ablative noun inflection=1
ଶ୍ଵାନଠାରେ: locative noun inflection=1
ଶ୍ଵାନଦ୍ୱାରା: instrumental noun inflection=1
ଶ୍ଵାନର: genitive noun inflection=1
ଶ୍ଵାନରେ: vocative noun inflection=1
ସଂକ୍ଷିପ୍ତ: positive adjective
ସଂକ୍ଷିପ୍ତତମ: superlative adjective
ସଂକ୍ଷିପ୍ତତର: comparative adjective
ସକ୍ରିୟ: positive adjective
ସକ୍ରିୟତମ: superlative adjective
ସକ୍ରିୟତର: comparative adjective
ସମୃଦ୍ଧ: positive adjective
ସମୃଦ୍ଧତମ: superlative adjective
ସମୃଦ୍ଧତର: comparative adjective
ସମ୍ବରକୁ: accusative dative noun inflection=1
ସମ୍ବରଟି: nominative noun inflection=1
ସମ୍ବରଠାରୁ: ablative noun inflection=1
ସମ୍ବରଠାରେ: locative noun inflection=1
ସମ୍ବରଦ୍ୱାରା: instrumental noun inflection=1
ସମ୍ବରର: genitive noun inflection=1
ସମ୍ବରରେ: vocative noun inflection=1
ସହଜ: positive adjective
ସହଜତମ: superlative adjective
ସହଜତର: comparative adjective
ସାପ: nominative noun inflection=4
ସାପକୁ: accusative dative noun inflection=4
ସାପଠାରୁ: ablative noun inflection=4
ସାପଠାରେ: locative noun inflection=4
ସାପଦ୍ୱାରା: instrumental noun inflection=4
ସାପର: genitive noun inflection=4
ସାପରେ: vocative noun inflection=4
ସୁନ୍ଦର: positive adjective
ସୁନ୍ଦରତମ: superlative adjective
ସୁନ୍ଦରତର: comparative adjective
ସୁଯୋଗ୍ୟ: masculine adjective
ସୁଯୋଗ୍ୟା: feminine adjective
ସୁଲଭ: positive adjective
ସୁଲଭତମ: superlative adjective
ସୁଲଭତର: comparative adjective
ସୂକ୍ଷ୍ମ: positive adjective
ସୂକ୍ଷ୍ମତମ: superlative adjective
ସୂକ୍ଷ୍ମତର: comparative adjective
ସେଓ: noun inflection=5
ସୌଜନ୍ୟ: positive adjective
ସୌଜନ୍ୟତମ: superlative adjective
ସୌଜନ୍ୟତର: comparative adjective
ସୌଭାଗ୍ୟକୁ: accusative dative noun inflection=1
ସୌଭାଗ୍ୟଟି: nominative noun inflection=1
ସୌଭାଗ୍ୟଠାରୁ: ablative noun inflection=1
ସୌଭାଗ୍ୟଠାରେ: locative noun inflection=1
ସୌଭାଗ୍ୟଦ୍ୱାରା: instrumental noun inflection=1
ସୌଭାଗ୍ୟର: genitive noun inflection=1
ସୌଭାଗ୍ୟରେ: vocative noun inflection=1
ସୌହାର୍ଦ୍ଧ୍ୟ: positive adjective
ସୌହାର୍ଦ୍ଧ୍ୟତମ: superlative adjective
ସୌହାର୍ଦ୍ଧ୍ୟତର: comparative adjective
ହରିଣକୁ: accusative dative noun inflection=1
ହରିଣଟି: nominative noun inflection=1
ହରିଣଠାରୁ: ablative noun inflection=1
ହରିଣଠାରେ: locative noun inflection=1
ହରିଣଦ୍ୱାରା: instrumental noun inflection=1
ହରିଣର: genitive noun inflection=1
ହରିଣରେ: vocative noun inflection=1
ହାଡ଼ି: nominative noun inflection=2
ହାଡ଼ିଙ୍କ: genitive noun inflection=2
ହାଡ଼ିଙ୍କଠାରୁ: ablative noun inflection=2
ହାଡ଼ିଙ୍କଠାରେ: locative noun inflection=2
ହାଡ଼ିଙ୍କଦ୍ୱାରା: instrumental noun inflection=2
ହାଡ଼ିଙ୍କୁ: accusative dative noun inflection=2
ହାଣ୍ଡି ଚଞ୍ଛାକୁ: accusative dative noun inflection=1
ହାଣ୍ଡି ଚଞ୍ଛାଟି: nominative noun inflection=1
ହାଣ୍ଡି ଚଞ୍ଛାଠାରୁ: ablative noun inflection=1
ହାଣ୍ଡି ଚଞ୍ଛାଠାରେ: locative noun inflection=1
ହାଣ୍ଡି ଚଞ୍ଛାଦ୍ୱାରା: instrumental noun inflection=1
ହାଣ୍ଡି ଚଞ୍ଛାର: genitive noun inflection=1
ହାଣ୍ଡି ଚଞ୍ଛାରେ: vocative noun inflection=1
ହାତୀ: nominative noun inflection=4
ହାତୀକୁ: accusative dative noun inflection=1 inflection=4
ହାତୀଟି: nominative noun inflection=1
ହାତୀଠାରୁ: ablative noun inflection=1 inflection=4
ହାତୀଠାରେ: locative noun inflection=1 inflection=4
ହାତୀଦ୍ୱାରା: instrumental noun inflection=1 inflection=4
ହାତୀର: genitive noun inflection=1 inflection=4
ହାତୀରେ: vocative noun inflection=1 inflection=4
ହୁଟୁମା: vocative noun inflection=8
ହୁଟୁମାକୁ: accusative dative noun inflection=8
ହୁଟୁମାଟି: nominative noun inflection=8
ହୁଟୁମାଠାରୁ: ablative noun inflection=8
ହୁଟୁମାଠାରେ: locative noun inflection=8
ହୁଟୁମାଦ୍ୱାରା: instrumental noun inflection=8
ହୁଟୁମାର: genitive noun inflection=8
==============================================
                       Source: wikidata-20260708-lexemes.json 
                  Lemma terms:     284
         Unusable lemma terms:       9
       Incoming surface forms:    1469
                Surface forms:    1220
      Collapsed surface forms:     250   (17%)
       Unusable surface forms:       0
                 Usable terms:    1220  (100%)
           Unclassified terms:       0    (0%)
==============================================
Case:
    nominative:              152 (12.5%)
    locative:                147   (12%)
    instrumental:            147   (12%)
    genitive:                147   (12%)
    dative:                  147   (12%)
    accusative:              147   (12%)
    ablative:                147   (12%)
    vocative:                104  (8.5%)

ComparisonDegree:
    positive:                 52  (4.3%)
    comparative:              52  (4.3%)
    superlative:              51  (4.2%)

Gender:
    masculine:                28  (2.3%)
    feminine:                 28  (2.3%)

PartOfSpeech:
    noun:                    997 (81.7%)
    adjective:               209 (17.1%)
    adverb:                   13  (1.1%)
    proper-noun:               2  (0.2%)

Sizeness:
    augmentative:              1  (0.1%)

License: Creative Commons CC0 License (https://creativecommons.org/publicdomain/zero/1.0/)
generated with options: --language or
