Äänekoski: outer
Ahvenanmaa: outer
Alajärvi: outer
Alastaro: outer
Alavus: outer
Anjalankoski: outer
Artjärvi: outer
Elimäki: outer
Enonkoski: outer
Enontekiö: outer
Eurajoki: outer
Evijärvi: outer
Filippiinit: outer
Haapajärvi: outer
Haapavesi: outer
Halsua: outer
Hämeenkoski: outer
Hankasalmi: outer
Hauho: outer
Haukipudas: outer
Haukivuori: outer
Hausjärvi: outer
Heinävesi: outer
Himanka: outer
Hirvensalmi: outer
Honkajoki: outer
Hyrynsalmi: outer
Hyvinkää: outer
Iisalmi: outer
Ilmajoki: outer
Imatra: outer
Isojoki: outer
Jalasjärvi: outer
Jämijärvi: outer
Jämsänkoski: outer
Jokioinen: outer
Juankoski: outer
Juupajoki: outer
Juva: outer
Kaavi: outer
Kalajoki: outer
Kälviä: outer
Kangasala: outer
Kangaslampi: outer
Kangasniemi: outer
Kannonkoski: outer
Karijoki: outer
Karjaa: outer
Karjalohja: outer
Kärsämäki: outer
karsintakierros: outer
Karvia: outer
Kauhajoki: outer
Kauhava: outer
kausi: outer
Kaustinen: outer
Keitele: outer
Kemijärvi: outer
Kerava: outer
Kerimäki: outer
Kesälahti: outer
Keuruu: outer
kierros: outer
Kihniö: outer
Kirkkonummi: outer
Kitee: outer
Kiuruvesi: outer
Kivijärvi: outer
Kodisjoki: outer
Kokemäki: outer
Konnevesi: outer
Kontiolahti: outer
Korpilahti: outer
Kortesjärvi: outer
Korvatunturi: outer
Koski Tl.: outer
Kreeta: outer
Kuhmalahti: outer
kuisti: outer
Kuivaniemi: outer
Kullaa: outer
Kuorevesi: outer
Kuortane: outer
Kuusankoski: outer
Kuusjoki: outer
Kykladit: outer
Kylmäkoski: outer
Kyyjärvi: outer
Laihia: outer
Lammi: outer
Längelmäki: outer
Lanzarote: outer
Lapinjärvi: outer
Lapinlahti: outer
Lappajärvi: outer
Lapua: outer
Lehtimäki: outer
Leivonmäki: outer
Lemi: outer
Leppävirta: outer
Lestijärvi: outer
Lohja: outer
Lohtaja: outer
Loimaa: outer
Loppi: outer
Lumijoki: outer
Luumäki: outer
Luvia: outer
Maaninka: outer
Maksamaa: outer
Mallorca: outer
Malta: outer
Mäntyharju: outer
Merijärvi: outer
Merikarvia: outer
Mouhijärvi: outer
Muhos: outer
Multia: outer
Mynämäki: outer
Nokia: outer
Norsunluurannikko: outer
Nurmijärvi: outer
Orivesi: outer
Padasjoki: outer
Pälkäne: outer
Parainen: outer
parveke: outer
parvi: outer
Pattijoki: outer
Pelkosenniemi: outer
Peräseinäjoki: outer
Pertunmaa: outer
Petäjävesi: outer
Pieksämäki: outer
Pieksänmaa: outer
Pielavesi: outer
piha: outer
Pihtipudas: outer
Polvijärvi: outer
Posio: outer
Pöytyä: outer
preseason: outer
Pudasjärvi: outer
Punkaharju: outer
Punkalaidun: outer
Puolanka: outer
Pyhäjärvi: outer
Pyhäjoki: outer
Pyhäntä: outer
Pyhäsalmi: outer
Pyhtää: outer
Pylkönmäki: outer
Rantasalmi: outer
Ranua: outer
Rauma: outer
Rautalampi: outer
Rautapiha: outer
Rautavaara: outer
Rautjärvi: outer
Reisjärvi: outer
Riihimäki: outer
Ristijärvi: outer
Rodos: outer
Rovaniemi: outer
Ruokolahti: outer
Ruotsinpyhtää: outer
Ruovesi: outer
Rusko: outer
Saari: outer
Saarijärvi: outer
Sahalahti: outer
Savitaipale: outer
Savonranta: outer
Savukoski: outer
Seinäjoki: outer
Siikajoki: outer
Siikalatva: outer
Siilinjärvi: outer
Somero: outer
Sonkajärvi: outer
Sulkava: outer
Suodenniemi: outer
Suomenniemi: outer
Suomusjärvi: outer
Suomussalmi: outer
Suonenjoki: outer
Taipalsaari: outer
Taivalkoski: outer
takapiha: outer
Tampere: outer
Tarvasjoki: outer
Temmes: outer
Teneriffa: outer
Teuva: outer
Tohmajärvi: outer
Toholampi: outer
Tuusniemi: outer
Tyrnävä: outer
ullakko: outer
Utajärvi: outer
Utsjoki: outer
Uukuniemi: outer
Uurainen: outer
Vahto: outer
Valkeakoski: outer
Valko-Venäjä: outer
Valtimo: outer
Vantaa: outer
Varpaisjärvi: outer
Vehkalahti: outer
Vehmaa: outer
Vehmersalmi: outer
Velkua: outer
Venäjä: outer
Vesanto: outer
Vesilahti: outer
Vieremä: outer
Viitasaari: outer
vintti: outer
Virolahti: outer
Virrat: outer
Virtasalmi: outer
Vöyri: outer
Vöyri-Maksamaa: outer
Vuolijoki: outer
Ylämaa: outer
Yläne: outer
Ylikiiminki: outer
Ylitornio: outer
Ylöjärvi: outer
Ypäjä: outer
